<?xml version="1.0" encoding="utf-8"?>
<CoverageSession xmlns:xsd="http://www.w3.org/2001/XMLSchema" xmlns:xsi="http://www.w3.org/2001/XMLSchema-instance" Version="0.0.0.0">
  <Summary numSequencePoints="843" visitedSequencePoints="778" numBranchPoints="0" visitedBranchPoints="0" sequenceCoverage="92.29" branchCoverage="0.0" maxCyclomaticComplexity="0" minCyclomaticComplexity="0" maxCrapScore="0" minCrapScore="0" visitedClasses="19" numClasses="19" visitedMethods="93" numMethods="93" />
  <Modules>
    <Module>
      <Summary numSequencePoints="323" visitedSequencePoints="317" numBranchPoints="0" visitedBranchPoints="0" sequenceCoverage="98.14" branchCoverage="0.0" maxCyclomaticComplexity="0" minCyclomaticComplexity="0" maxCrapScore="0" minCrapScore="0" visitedClasses="7" numClasses="7" visitedMethods="42" numMethods="42" />
      <ModuleTime>0001-01-01T00:00:00</ModuleTime>
      <ModuleName>Tests</ModuleName>
      <Files>
        <File uid="1" fullPath="/Users/64com/2048/Assets/Tests/EditMode/AdaptiveFontSizeTests.cs" />
        <File uid="2" fullPath="/Users/64com/2048/Assets/Tests/EditMode/CellTests.cs" />
        <File uid="3" fullPath="/Users/64com/2048/Assets/Tests/EditMode/CellViewTests.cs" />
        <File uid="4" fullPath="/Users/64com/2048/Assets/Tests/EditMode/GameFieldTests.cs" />
        <File uid="5" fullPath="/Users/64com/2048/Assets/Tests/EditMode/InputManagerTests.cs" />
      </Files>
      <Classes>
        <Class>
          <Summary numSequencePoints="37" visitedSequencePoints="37" numBranchPoints="0" visitedBranchPoints="0" sequenceCoverage="100.0" branchCoverage="0.0" maxCyclomaticComplexity="0" minCyclomaticComplexity="0" maxCrapScore="0" minCrapScore="0" visitedClasses="1" numClasses="1" visitedMethods="6" numMethods="6" />
          <FullName>AdaptiveFontSizeTests</FullName>
          <Methods>
            <Method visited="true" cyclomaticComplexity="0" nPathComplexity="0" sequenceCoverage="100.0" branchCoverage="0" crapScore="0" isConstructor="false" isStatic="false" isGetter="false" isSetter="false">
              <Summary numSequencePoints="9" visitedSequencePoints="9" numBranchPoints="0" visitedBranchPoints="0" sequenceCoverage="100.0" branchCoverage="0" maxCyclomaticComplexity="0" minCyclomaticComplexity="0" maxCrapScore="0" minCrapScore="0" visitedClasses="0" numClasses="0" visitedMethods="1" numMethods="1" />
              <MetadataToken>100663297</MetadataToken>
              <Name>System.Void AdaptiveFontSizeTests::Setup()</Name>
              <FileRef uid="1" />
              <SequencePoints>
                <SequencePoint vc="4" uspid="907" ordinal="0" offset="0" sl="11" sc="25" el="11" ec="25" bec="0" bev="0" fileid="1" />
                <SequencePoint vc="4" uspid="908" ordinal="0" offset="1" sl="13" sc="9" el="13" ec="9" bec="0" bev="0" fileid="1" />
                <SequencePoint vc="4" uspid="909" ordinal="0" offset="17" sl="14" sc="9" el="14" ec="9" bec="0" bev="0" fileid="1" />
                <SequencePoint vc="4" uspid="910" ordinal="0" offset="34" sl="15" sc="9" el="15" ec="9" bec="0" bev="0" fileid="1" />
                <SequencePoint vc="4" uspid="911" ordinal="0" offset="51" sl="16" sc="9" el="16" ec="9" bec="0" bev="0" fileid="1" />
                <SequencePoint vc="4" uspid="912" ordinal="0" offset="68" sl="17" sc="9" el="17" ec="9" bec="0" bev="0" fileid="1" />
                <SequencePoint vc="4" uspid="913" ordinal="0" offset="84" sl="18" sc="9" el="18" ec="9" bec="0" bev="0" fileid="1" />
                <SequencePoint vc="4" uspid="914" ordinal="0" offset="100" sl="19" sc="9" el="19" ec="9" bec="0" bev="0" fileid="1" />
                <SequencePoint vc="4" uspid="915" ordinal="0" offset="112" sl="20" sc="5" el="20" ec="5" bec="0" bev="0" fileid="1" />
              </SequencePoints>
              <BranchPoints />
            </Method>
            <Method visited="true" cyclomaticComplexity="0" nPathComplexity="0" sequenceCoverage="100.0" branchCoverage="0" crapScore="0" isConstructor="false" isStatic="false" isGetter="false" isSetter="false">
              <Summary numSequencePoints="5" visitedSequencePoints="5" numBranchPoints="0" visitedBranchPoints="0" sequenceCoverage="100.0" branchCoverage="0" maxCyclomaticComplexity="0" minCyclomaticComplexity="0" maxCrapScore="0" minCrapScore="0" visitedClasses="0" numClasses="0" visitedMethods="1" numMethods="1" />
              <MetadataToken>100663298</MetadataToken>
              <Name>System.Void AdaptiveFontSizeTests::Start_ShouldAssignTextMeshPro_WhenNull()</Name>
              <FileRef uid="1" />
              <SequencePoints>
                <SequencePoint vc="1" uspid="916" ordinal="0" offset="0" sl="23" sc="58" el="23" ec="58" bec="0" bev="0" fileid="1" />
                <SequencePoint vc="1" uspid="917" ordinal="0" offset="1" sl="25" sc="9" el="25" ec="9" bec="0" bev="0" fileid="1" />
                <SequencePoint vc="1" uspid="918" ordinal="0" offset="13" sl="28" sc="9" el="28" ec="9" bec="0" bev="0" fileid="1" />
                <SequencePoint vc="1" uspid="919" ordinal="0" offset="25" sl="31" sc="9" el="31" ec="9" bec="0" bev="0" fileid="1" />
                <SequencePoint vc="1" uspid="920" ordinal="0" offset="52" sl="32" sc="5" el="32" ec="5" bec="0" bev="0" fileid="1" />
              </SequencePoints>
              <BranchPoints />
            </Method>
            <Method visited="true" cyclomaticComplexity="0" nPathComplexity="0" sequenceCoverage="100.0" branchCoverage="0" crapScore="0" isConstructor="false" isStatic="false" isGetter="false" isSetter="false">
              <Summary numSequencePoints="3" visitedSequencePoints="3" numBranchPoints="0" visitedBranchPoints="0" sequenceCoverage="100.0" branchCoverage="0" maxCyclomaticComplexity="0" minCyclomaticComplexity="0" maxCrapScore="0" minCrapScore="0" visitedClasses="0" numClasses="0" visitedMethods="1" numMethods="1" />
              <MetadataToken>100663299</MetadataToken>
              <Name>System.Void AdaptiveFontSizeTests::Teardown()</Name>
              <FileRef uid="1" />
              <SequencePoints>
                <SequencePoint vc="4" uspid="921" ordinal="0" offset="0" sl="35" sc="28" el="35" ec="28" bec="0" bev="0" fileid="1" />
                <SequencePoint vc="4" uspid="922" ordinal="0" offset="1" sl="36" sc="9" el="36" ec="9" bec="0" bev="0" fileid="1" />
                <SequencePoint vc="4" uspid="923" ordinal="0" offset="13" sl="37" sc="5" el="37" ec="5" bec="0" bev="0" fileid="1" />
              </SequencePoints>
              <BranchPoints />
            </Method>
            <Method visited="true" cyclomaticComplexity="0" nPathComplexity="0" sequenceCoverage="100.0" branchCoverage="0" crapScore="0" isConstructor="false" isStatic="false" isGetter="false" isSetter="false">
              <Summary numSequencePoints="6" visitedSequencePoints="6" numBranchPoints="0" visitedBranchPoints="0" sequenceCoverage="100.0" branchCoverage="0" maxCyclomaticComplexity="0" minCyclomaticComplexity="0" maxCrapScore="0" minCrapScore="0" visitedClasses="0" numClasses="0" visitedMethods="1" numMethods="1" />
              <MetadataToken>100663300</MetadataToken>
              <Name>System.Void AdaptiveFontSizeTests::UpdateNumber_ShouldUpdateTextAndFontSize()</Name>
              <FileRef uid="1" />
              <SequencePoints>
                <SequencePoint vc="1" uspid="924" ordinal="0" offset="0" sl="40" sc="60" el="40" ec="60" bec="0" bev="0" fileid="1" />
                <SequencePoint vc="1" uspid="925" ordinal="0" offset="1" sl="42" sc="9" el="42" ec="9" bec="0" bev="0" fileid="1" />
                <SequencePoint vc="1" uspid="926" ordinal="0" offset="7" sl="45" sc="9" el="45" ec="9" bec="0" bev="0" fileid="1" />
                <SequencePoint vc="1" uspid="927" ordinal="0" offset="20" sl="48" sc="9" el="48" ec="9" bec="0" bev="0" fileid="1" />
                <SequencePoint vc="1" uspid="928" ordinal="0" offset="54" sl="49" sc="9" el="49" ec="9" bec="0" bev="0" fileid="1" />
                <SequencePoint vc="1" uspid="929" ordinal="0" offset="124" sl="52" sc="5" el="52" ec="5" bec="0" bev="0" fileid="1" />
              </SequencePoints>
              <BranchPoints />
            </Method>
            <Method visited="true" cyclomaticComplexity="0" nPathComplexity="0" sequenceCoverage="100.0" branchCoverage="0" crapScore="0" isConstructor="false" isStatic="false" isGetter="false" isSetter="false">
              <Summary numSequencePoints="6" visitedSequencePoints="6" numBranchPoints="0" visitedBranchPoints="0" sequenceCoverage="100.0" branchCoverage="0" maxCyclomaticComplexity="0" minCyclomaticComplexity="0" maxCrapScore="0" minCrapScore="0" visitedClasses="0" numClasses="0" visitedMethods="1" numMethods="1" />
              <MetadataToken>100663301</MetadataToken>
              <Name>System.Void AdaptiveFontSizeTests::UpdateNumber_ShouldSetMinFontSize_WhenNumberHasMaxDigits()</Name>
              <FileRef uid="1" />
              <SequencePoints>
                <SequencePoint vc="1" uspid="930" ordinal="0" offset="0" sl="55" sc="76" el="55" ec="76" bec="0" bev="0" fileid="1" />
                <SequencePoint vc="1" uspid="931" ordinal="0" offset="1" sl="57" sc="9" el="57" ec="9" bec="0" bev="0" fileid="1" />
                <SequencePoint vc="1" uspid="932" ordinal="0" offset="7" sl="60" sc="9" el="60" ec="9" bec="0" bev="0" fileid="1" />
                <SequencePoint vc="1" uspid="933" ordinal="0" offset="20" sl="63" sc="9" el="63" ec="9" bec="0" bev="0" fileid="1" />
                <SequencePoint vc="1" uspid="934" ordinal="0" offset="44" sl="64" sc="9" el="64" ec="9" bec="0" bev="0" fileid="1" />
                <SequencePoint vc="1" uspid="935" ordinal="0" offset="92" sl="65" sc="5" el="65" ec="5" bec="0" bev="0" fileid="1" />
              </SequencePoints>
              <BranchPoints />
            </Method>
            <Method visited="true" cyclomaticComplexity="0" nPathComplexity="0" sequenceCoverage="100.0" branchCoverage="0" crapScore="0" isConstructor="false" isStatic="false" isGetter="false" isSetter="false">
              <Summary numSequencePoints="8" visitedSequencePoints="8" numBranchPoints="0" visitedBranchPoints="0" sequenceCoverage="100.0" branchCoverage="0" maxCyclomaticComplexity="0" minCyclomaticComplexity="0" maxCrapScore="0" minCrapScore="0" visitedClasses="0" numClasses="0" visitedMethods="1" numMethods="1" />
              <MetadataToken>100663302</MetadataToken>
              <Name>System.Void AdaptiveFontSizeTests::UpdateNumber_ShouldSetMaxFontSize_WhenNumberIsSingleDigit()</Name>
              <FileRef uid="1" />
              <SequencePoints>
                <SequencePoint vc="1" uspid="936" ordinal="0" offset="0" sl="68" sc="77" el="68" ec="77" bec="0" bev="0" fileid="1" />
                <SequencePoint vc="1" uspid="937" ordinal="0" offset="1" sl="70" sc="9" el="70" ec="9" bec="0" bev="0" fileid="1" />
                <SequencePoint vc="1" uspid="938" ordinal="0" offset="3" sl="71" sc="9" el="71" ec="9" bec="0" bev="0" fileid="1" />
                <SequencePoint vc="1" uspid="939" ordinal="0" offset="16" sl="72" sc="9" el="72" ec="9" bec="0" bev="0" fileid="1" />
                <SequencePoint vc="1" uspid="940" ordinal="0" offset="37" sl="73" sc="9" el="73" ec="9" bec="0" bev="0" fileid="1" />
                <SequencePoint vc="1" uspid="941" ordinal="0" offset="66" sl="76" sc="9" el="76" ec="9" bec="0" bev="0" fileid="1" />
                <SequencePoint vc="1" uspid="942" ordinal="0" offset="79" sl="79" sc="9" el="79" ec="9" bec="0" bev="0" fileid="1" />
                <SequencePoint vc="1" uspid="943" ordinal="0" offset="118" sl="80" sc="5" el="80" ec="5" bec="0" bev="0" fileid="1" />
              </SequencePoints>
              <BranchPoints />
            </Method>
          </Methods>
        </Class>
        <Class>
          <Summary numSequencePoints="23" visitedSequencePoints="23" numBranchPoints="0" visitedBranchPoints="0" sequenceCoverage="100.0" branchCoverage="0.0" maxCyclomaticComplexity="0" minCyclomaticComplexity="0" maxCrapScore="0" minCrapScore="0" visitedClasses="1" numClasses="1" visitedMethods="2" numMethods="2" />
          <FullName>CellTests</FullName>
          <Methods>
            <Method visited="true" cyclomaticComplexity="0" nPathComplexity="0" sequenceCoverage="100.0" branchCoverage="0" crapScore="0" isConstructor="false" isStatic="false" isGetter="false" isSetter="false">
              <Summary numSequencePoints="11" visitedSequencePoints="11" numBranchPoints="0" visitedBranchPoints="0" sequenceCoverage="100.0" branchCoverage="0" maxCyclomaticComplexity="0" minCyclomaticComplexity="0" maxCrapScore="0" minCrapScore="0" visitedClasses="0" numClasses="0" visitedMethods="1" numMethods="1" />
              <MetadataToken>100663304</MetadataToken>
              <Name>System.Void CellTests::SetValue_ShouldUpdateValueAndTriggerEvent()</Name>
              <FileRef uid="2" />
              <SequencePoints>
                <SequencePoint vc="1" uspid="944" ordinal="0" offset="6" sl="7" sc="61" el="7" ec="61" bec="0" bev="0" fileid="2" />
                <SequencePoint vc="1" uspid="945" ordinal="0" offset="7" sl="8" sc="9" el="8" ec="9" bec="0" bev="0" fileid="2" />
                <SequencePoint vc="1" uspid="946" ordinal="0" offset="16" sl="9" sc="9" el="9" ec="9" bec="0" bev="0" fileid="2" />
                <SequencePoint vc="1" uspid="947" ordinal="0" offset="24" sl="10" sc="9" el="10" ec="9" bec="0" bev="0" fileid="2" />
                <SequencePoint vc="1" uspid="948" ordinal="0" offset="31" sl="11" sc="9" el="11" ec="9" bec="0" bev="0" fileid="2" />
                <SequencePoint vc="1" uspid="949" ordinal="0" offset="38" sl="12" sc="9" el="12" ec="9" bec="0" bev="0" fileid="2" />
                <SequencePoint vc="1" uspid="950" ordinal="0" offset="57" sl="16" sc="9" el="16" ec="9" bec="0" bev="0" fileid="2" />
                <SequencePoint vc="1" uspid="951" ordinal="0" offset="65" sl="18" sc="9" el="18" ec="9" bec="0" bev="0" fileid="2" />
                <SequencePoint vc="1" uspid="952" ordinal="0" offset="98" sl="19" sc="9" el="19" ec="9" bec="0" bev="0" fileid="2" />
                <SequencePoint vc="1" uspid="953" ordinal="0" offset="120" sl="20" sc="9" el="20" ec="9" bec="0" bev="0" fileid="2" />
                <SequencePoint vc="1" uspid="954" ordinal="0" offset="153" sl="21" sc="5" el="21" ec="5" bec="0" bev="0" fileid="2" />
              </SequencePoints>
              <BranchPoints />
            </Method>
            <Method visited="true" cyclomaticComplexity="0" nPathComplexity="0" sequenceCoverage="100.0" branchCoverage="0" crapScore="0" isConstructor="false" isStatic="false" isGetter="false" isSetter="false">
              <Summary numSequencePoints="12" visitedSequencePoints="12" numBranchPoints="0" visitedBranchPoints="0" sequenceCoverage="100.0" branchCoverage="0" maxCyclomaticComplexity="0" minCyclomaticComplexity="0" maxCrapScore="0" minCrapScore="0" visitedClasses="0" numClasses="0" visitedMethods="1" numMethods="1" />
              <MetadataToken>100663305</MetadataToken>
              <Name>System.Void CellTests::SetPosition_ShouldUpdatePositionAndTriggerEvent()</Name>
              <FileRef uid="2" />
              <SequencePoints>
                <SequencePoint vc="1" uspid="955" ordinal="0" offset="6" sl="24" sc="67" el="24" ec="67" bec="0" bev="0" fileid="2" />
                <SequencePoint vc="1" uspid="956" ordinal="0" offset="7" sl="25" sc="9" el="25" ec="9" bec="0" bev="0" fileid="2" />
                <SequencePoint vc="1" uspid="957" ordinal="0" offset="16" sl="26" sc="9" el="26" ec="9" bec="0" bev="0" fileid="2" />
                <SequencePoint vc="1" uspid="958" ordinal="0" offset="24" sl="27" sc="9" el="27" ec="9" bec="0" bev="0" fileid="2" />
                <SequencePoint vc="1" uspid="959" ordinal="0" offset="31" sl="28" sc="9" el="28" ec="9" bec="0" bev="0" fileid="2" />
                <SequencePoint vc="1" uspid="960" ordinal="0" offset="42" sl="29" sc="9" el="29" ec="9" bec="0" bev="0" fileid="2" />
                <SequencePoint vc="1" uspid="961" ordinal="0" offset="61" sl="33" sc="9" el="33" ec="9" bec="0" bev="0" fileid="2" />
                <SequencePoint vc="1" uspid="962" ordinal="0" offset="70" sl="34" sc="9" el="34" ec="9" bec="0" bev="0" fileid="2" />
                <SequencePoint vc="1" uspid="963" ordinal="0" offset="78" sl="35" sc="9" el="35" ec="9" bec="0" bev="0" fileid="2" />
                <SequencePoint vc="1" uspid="964" ordinal="0" offset="111" sl="36" sc="9" el="36" ec="9" bec="0" bev="0" fileid="2" />
                <SequencePoint vc="1" uspid="965" ordinal="0" offset="133" sl="37" sc="9" el="37" ec="9" bec="0" bev="0" fileid="2" />
                <SequencePoint vc="1" uspid="966" ordinal="0" offset="166" sl="38" sc="5" el="38" ec="5" bec="0" bev="0" fileid="2" />
              </SequencePoints>
              <BranchPoints />
            </Method>
          </Methods>
        </Class>
        <Class>
          <Summary numSequencePoints="24" visitedSequencePoints="24" numBranchPoints="0" visitedBranchPoints="0" sequenceCoverage="100.0" branchCoverage="0.0" maxCyclomaticComplexity="0" minCyclomaticComplexity="0" maxCrapScore="0" minCrapScore="0" visitedClasses="1" numClasses="1" visitedMethods="3" numMethods="3" />
          <FullName>CellViewTests</FullName>
          <Methods>
            <Method visited="true" cyclomaticComplexity="0" nPathComplexity="0" sequenceCoverage="100.0" branchCoverage="0" crapScore="0" isConstructor="false" isStatic="false" isGetter="false" isSetter="false">
              <Summary numSequencePoints="15" visitedSequencePoints="15" numBranchPoints="0" visitedBranchPoints="0" sequenceCoverage="100.0" branchCoverage="0" maxCyclomaticComplexity="0" minCyclomaticComplexity="0" maxCrapScore="0" minCrapScore="0" visitedClasses="0" numClasses="0" visitedMethods="1" numMethods="1" />
              <MetadataToken>100663307</MetadataToken>
              <Name>System.Void CellViewTests::Setup()</Name>
              <FileRef uid="3" />
              <SequencePoints>
                <SequencePoint vc="1" uspid="967" ordinal="0" offset="0" sl="14" sc="25" el="14" ec="25" bec="0" bev="0" fileid="3" />
                <SequencePoint vc="1" uspid="968" ordinal="0" offset="1" sl="15" sc="9" el="15" ec="9" bec="0" bev="0" fileid="3" />
                <SequencePoint vc="1" uspid="969" ordinal="0" offset="17" sl="16" sc="9" el="16" ec="9" bec="0" bev="0" fileid="3" />
                <SequencePoint vc="1" uspid="970" ordinal="0" offset="34" sl="18" sc="9" el="18" ec="9" bec="0" bev="0" fileid="3" />
                <SequencePoint vc="1" uspid="971" ordinal="0" offset="45" sl="19" sc="9" el="19" ec="9" bec="0" bev="0" fileid="3" />
                <SequencePoint vc="1" uspid="972" ordinal="0" offset="57" sl="20" sc="9" el="20" ec="9" bec="0" bev="0" fileid="3" />
                <SequencePoint vc="1" uspid="973" ordinal="0" offset="80" sl="21" sc="9" el="21" ec="9" bec="0" bev="0" fileid="3" />
                <SequencePoint vc="1" uspid="974" ordinal="0" offset="97" sl="23" sc="9" el="23" ec="9" bec="0" bev="0" fileid="3" />
                <SequencePoint vc="1" uspid="975" ordinal="0" offset="108" sl="24" sc="9" el="24" ec="9" bec="0" bev="0" fileid="3" />
                <SequencePoint vc="1" uspid="976" ordinal="0" offset="120" sl="25" sc="9" el="25" ec="9" bec="0" bev="0" fileid="3" />
                <SequencePoint vc="1" uspid="977" ordinal="0" offset="143" sl="26" sc="9" el="26" ec="9" bec="0" bev="0" fileid="3" />
                <SequencePoint vc="1" uspid="978" ordinal="0" offset="160" sl="28" sc="9" el="28" ec="9" bec="0" bev="0" fileid="3" />
                <SequencePoint vc="1" uspid="979" ordinal="0" offset="172" sl="29" sc="9" el="29" ec="9" bec="0" bev="0" fileid="3" />
                <SequencePoint vc="1" uspid="980" ordinal="0" offset="189" sl="30" sc="9" el="30" ec="9" bec="0" bev="0" fileid="3" />
                <SequencePoint vc="1" uspid="981" ordinal="0" offset="206" sl="31" sc="5" el="31" ec="5" bec="0" bev="0" fileid="3" />
              </SequencePoints>
              <BranchPoints />
            </Method>
            <Method visited="true" cyclomaticComplexity="0" nPathComplexity="0" sequenceCoverage="100.0" branchCoverage="0" crapScore="0" isConstructor="false" isStatic="false" isGetter="false" isSetter="false">
              <Summary numSequencePoints="3" visitedSequencePoints="3" numBranchPoints="0" visitedBranchPoints="0" sequenceCoverage="100.0" branchCoverage="0" maxCyclomaticComplexity="0" minCyclomaticComplexity="0" maxCrapScore="0" minCrapScore="0" visitedClasses="0" numClasses="0" visitedMethods="1" numMethods="1" />
              <MetadataToken>100663308</MetadataToken>
              <Name>System.Void CellViewTests::Teardown()</Name>
              <FileRef uid="3" />
              <SequencePoints>
                <SequencePoint vc="1" uspid="982" ordinal="0" offset="0" sl="34" sc="28" el="34" ec="28" bec="0" bev="0" fileid="3" />
                <SequencePoint vc="1" uspid="983" ordinal="0" offset="1" sl="35" sc="9" el="35" ec="9" bec="0" bev="0" fileid="3" />
                <SequencePoint vc="1" uspid="984" ordinal="0" offset="13" sl="36" sc="5" el="36" ec="5" bec="0" bev="0" fileid="3" />
              </SequencePoints>
              <BranchPoints />
            </Method>
            <Method visited="true" cyclomaticComplexity="0" nPathComplexity="0" sequenceCoverage="100.0" branchCoverage="0" crapScore="0" isConstructor="false" isStatic="false" isGetter="false" isSetter="false">
              <Summary numSequencePoints="6" visitedSequencePoints="6" numBranchPoints="0" visitedBranchPoints="0" sequenceCoverage="100.0" branchCoverage="0" maxCyclomaticComplexity="0" minCyclomaticComplexity="0" maxCrapScore="0" minCrapScore="0" visitedClasses="0" numClasses="0" visitedMethods="1" numMethods="1" />
              <MetadataToken>100663309</MetadataToken>
              <Name>System.Void CellViewTests::Init_ShouldSubscribeAndCallUpdate()</Name>
              <FileRef uid="3" />
              <SequencePoints>
                <SequencePoint vc="1" uspid="985" ordinal="0" offset="0" sl="39" sc="53" el="39" ec="53" bec="0" bev="0" fileid="3" />
                <SequencePoint vc="1" uspid="986" ordinal="0" offset="1" sl="40" sc="9" el="40" ec="9" bec="0" bev="0" fileid="3" />
                <SequencePoint vc="1" uspid="987" ordinal="0" offset="15" sl="41" sc="9" el="41" ec="9" bec="0" bev="0" fileid="3" />
                <SequencePoint vc="1" uspid="988" ordinal="0" offset="29" sl="43" sc="9" el="43" ec="9" bec="0" bev="0" fileid="3" />
                <SequencePoint vc="1" uspid="989" ordinal="0" offset="58" sl="44" sc="9" el="44" ec="9" bec="0" bev="0" fileid="3" />
                <SequencePoint vc="1" uspid="990" ordinal="0" offset="70" sl="45" sc="5" el="45" ec="5" bec="0" bev="0" fileid="3" />
              </SequencePoints>
              <BranchPoints />
            </Method>
          </Methods>
        </Class>
        <Class>
          <Summary numSequencePoints="199" visitedSequencePoints="196" numBranchPoints="0" visitedBranchPoints="0" sequenceCoverage="98.49" branchCoverage="0.0" maxCyclomaticComplexity="0" minCyclomaticComplexity="0" maxCrapScore="0" minCrapScore="0" visitedClasses="1" numClasses="1" visitedMethods="23" numMethods="23" />
          <FullName>GameFieldTests</FullName>
          <Methods>
            <Method visited="true" cyclomaticComplexity="0" nPathComplexity="0" sequenceCoverage="100.0" branchCoverage="0" crapScore="0" isConstructor="false" isStatic="false" isGetter="false" isSetter="false">
              <Summary numSequencePoints="29" visitedSequencePoints="29" numBranchPoints="0" visitedBranchPoints="0" sequenceCoverage="100.0" branchCoverage="0" maxCyclomaticComplexity="0" minCyclomaticComplexity="0" maxCrapScore="0" minCrapScore="0" visitedClasses="0" numClasses="0" visitedMethods="1" numMethods="1" />
              <MetadataToken>100663311</MetadataToken>
              <Name>System.Void GameFieldTests::Setup()</Name>
              <FileRef uid="4" />
              <SequencePoints>
                <SequencePoint vc="21" uspid="991" ordinal="0" offset="0" sl="13" sc="25" el="13" ec="25" bec="0" bev="0" fileid="4" />
                <SequencePoint vc="21" uspid="992" ordinal="0" offset="1" sl="14" sc="9" el="14" ec="9" bec="0" bev="0" fileid="4" />
                <SequencePoint vc="21" uspid="993" ordinal="0" offset="17" sl="15" sc="9" el="15" ec="9" bec="0" bev="0" fileid="4" />
                <SequencePoint vc="21" uspid="994" ordinal="0" offset="34" sl="16" sc="9" el="16" ec="9" bec="0" bev="0" fileid="4" />
                <SequencePoint vc="21" uspid="995" ordinal="0" offset="46" sl="19" sc="9" el="19" ec="9" bec="0" bev="0" fileid="4" />
                <SequencePoint vc="21" uspid="996" ordinal="0" offset="57" sl="20" sc="9" el="20" ec="9" bec="0" bev="0" fileid="4" />
                <SequencePoint vc="21" uspid="997" ordinal="0" offset="74" sl="22" sc="9" el="22" ec="9" bec="0" bev="0" fileid="4" />
                <SequencePoint vc="21" uspid="998" ordinal="0" offset="85" sl="23" sc="9" el="23" ec="9" bec="0" bev="0" fileid="4" />
                <SequencePoint vc="21" uspid="999" ordinal="0" offset="102" sl="26" sc="9" el="26" ec="9" bec="0" bev="0" fileid="4" />
                <SequencePoint vc="21" uspid="1000" ordinal="0" offset="113" sl="27" sc="9" el="27" ec="9" bec="0" bev="0" fileid="4" />
                <SequencePoint vc="21" uspid="1001" ordinal="0" offset="130" sl="29" sc="9" el="29" ec="9" bec="0" bev="0" fileid="4" />
                <SequencePoint vc="21" uspid="1002" ordinal="0" offset="141" sl="30" sc="9" el="30" ec="9" bec="0" bev="0" fileid="4" />
                <SequencePoint vc="21" uspid="1003" ordinal="0" offset="158" sl="33" sc="9" el="33" ec="9" bec="0" bev="0" fileid="4" />
                <SequencePoint vc="21" uspid="1004" ordinal="0" offset="170" sl="34" sc="9" el="34" ec="9" bec="0" bev="0" fileid="4" />
                <SequencePoint vc="21" uspid="1005" ordinal="0" offset="183" sl="37" sc="9" el="37" ec="9" bec="0" bev="0" fileid="4" />
                <SequencePoint vc="21" uspid="1006" ordinal="0" offset="195" sl="38" sc="9" el="38" ec="9" bec="0" bev="0" fileid="4" />
                <SequencePoint vc="21" uspid="1007" ordinal="0" offset="204" sl="41" sc="9" el="41" ec="9" bec="0" bev="0" fileid="4" />
                <SequencePoint vc="21" uspid="1008" ordinal="0" offset="216" sl="42" sc="9" el="42" ec="9" bec="0" bev="0" fileid="4" />
                <SequencePoint vc="21" uspid="1009" ordinal="0" offset="225" sl="43" sc="9" el="43" ec="9" bec="0" bev="0" fileid="4" />
                <SequencePoint vc="21" uspid="1010" ordinal="0" offset="245" sl="44" sc="9" el="44" ec="9" bec="0" bev="0" fileid="4" />
                <SequencePoint vc="21" uspid="1011" ordinal="0" offset="254" sl="47" sc="9" el="47" ec="9" bec="0" bev="0" fileid="4" />
                <SequencePoint vc="21" uspid="1012" ordinal="0" offset="266" sl="48" sc="9" el="48" ec="9" bec="0" bev="0" fileid="4" />
                <SequencePoint vc="21" uspid="1013" ordinal="0" offset="275" sl="49" sc="9" el="49" ec="9" bec="0" bev="0" fileid="4" />
                <SequencePoint vc="21" uspid="1014" ordinal="0" offset="295" sl="50" sc="9" el="50" ec="9" bec="0" bev="0" fileid="4" />
                <SequencePoint vc="21" uspid="1015" ordinal="0" offset="304" sl="53" sc="9" el="53" ec="9" bec="0" bev="0" fileid="4" />
                <SequencePoint vc="21" uspid="1016" ordinal="0" offset="313" sl="54" sc="9" el="54" ec="9" bec="0" bev="0" fileid="4" />
                <SequencePoint vc="21" uspid="1017" ordinal="0" offset="322" sl="55" sc="9" el="55" ec="9" bec="0" bev="0" fileid="4" />
                <SequencePoint vc="21" uspid="1018" ordinal="0" offset="331" sl="57" sc="9" el="57" ec="9" bec="0" bev="0" fileid="4" />
                <SequencePoint vc="21" uspid="1019" ordinal="0" offset="344" sl="58" sc="5" el="58" ec="5" bec="0" bev="0" fileid="4" />
              </SequencePoints>
              <BranchPoints />
            </Method>
            <Method visited="true" cyclomaticComplexity="0" nPathComplexity="0" sequenceCoverage="100.0" branchCoverage="0" crapScore="0" isConstructor="false" isStatic="false" isGetter="false" isSetter="false">
              <Summary numSequencePoints="3" visitedSequencePoints="3" numBranchPoints="0" visitedBranchPoints="0" sequenceCoverage="100.0" branchCoverage="0" maxCyclomaticComplexity="0" minCyclomaticComplexity="0" maxCrapScore="0" minCrapScore="0" visitedClasses="0" numClasses="0" visitedMethods="1" numMethods="1" />
              <MetadataToken>100663312</MetadataToken>
              <Name>System.Void GameFieldTests::Teardown()</Name>
              <FileRef uid="4" />
              <SequencePoints>
                <SequencePoint vc="21" uspid="1020" ordinal="0" offset="0" sl="61" sc="28" el="61" ec="28" bec="0" bev="0" fileid="4" />
                <SequencePoint vc="21" uspid="1021" ordinal="0" offset="1" sl="62" sc="9" el="62" ec="9" bec="0" bev="0" fileid="4" />
                <SequencePoint vc="21" uspid="1022" ordinal="0" offset="13" sl="63" sc="5" el="63" ec="5" bec="0" bev="0" fileid="4" />
              </SequencePoints>
              <BranchPoints />
            </Method>
            <Method visited="true" cyclomaticComplexity="0" nPathComplexity="0" sequenceCoverage="100.0" branchCoverage="0" crapScore="0" isConstructor="false" isStatic="false" isGetter="false" isSetter="false">
              <Summary numSequencePoints="6" visitedSequencePoints="6" numBranchPoints="0" visitedBranchPoints="0" sequenceCoverage="100.0" branchCoverage="0" maxCyclomaticComplexity="0" minCyclomaticComplexity="0" maxCrapScore="0" minCrapScore="0" visitedClasses="0" numClasses="0" visitedMethods="1" numMethods="1" />
              <MetadataToken>100663313</MetadataToken>
              <Name>System.Void GameFieldTests::CreateCell_ShouldAddCell()</Name>
              <FileRef uid="4" />
              <SequencePoints>
                <SequencePoint vc="1" uspid="1023" ordinal="0" offset="0" sl="66" sc="44" el="66" ec="44" bec="0" bev="0" fileid="4" />
                <SequencePoint vc="1" uspid="1024" ordinal="0" offset="1" sl="68" sc="9" el="68" ec="9" bec="0" bev="0" fileid="4" />
                <SequencePoint vc="1" uspid="1025" ordinal="0" offset="13" sl="71" sc="9" el="71" ec="9" bec="0" bev="0" fileid="4" />
                <SequencePoint vc="1" uspid="1026" ordinal="0" offset="36" sl="72" sc="9" el="72" ec="9" bec="0" bev="0" fileid="4" />
                <SequencePoint vc="1" uspid="1027" ordinal="0" offset="54" sl="73" sc="9" el="73" ec="9" bec="0" bev="0" fileid="4" />
                <SequencePoint vc="1" uspid="1028" ordinal="0" offset="79" sl="74" sc="5" el="74" ec="5" bec="0" bev="0" fileid="4" />
              </SequencePoints>
              <BranchPoints />
            </Method>
            <Method visited="true" cyclomaticComplexity="0" nPathComplexity="0" sequenceCoverage="100.0" branchCoverage="0" crapScore="0" isConstructor="false" isStatic="false" isGetter="false" isSetter="false">
              <Summary numSequencePoints="4" visitedSequencePoints="4" numBranchPoints="0" visitedBranchPoints="0" sequenceCoverage="100.0" branchCoverage="0" maxCyclomaticComplexity="0" minCyclomaticComplexity="0" maxCrapScore="0" minCrapScore="0" visitedClasses="0" numClasses="0" visitedMethods="1" numMethods="1" />
              <MetadataToken>100663314</MetadataToken>
              <Name>System.Void GameFieldTests::GetEmptyPosition_ShouldReturnValidPosition()</Name>
              <FileRef uid="4" />
              <SequencePoints>
                <SequencePoint vc="1" uspid="1029" ordinal="0" offset="0" sl="77" sc="62" el="77" ec="62" bec="0" bev="0" fileid="4" />
                <SequencePoint vc="1" uspid="1030" ordinal="0" offset="1" sl="78" sc="9" el="78" ec="9" bec="0" bev="0" fileid="4" />
                <SequencePoint vc="1" uspid="1031" ordinal="0" offset="13" sl="79" sc="9" el="79" ec="9" bec="0" bev="0" fileid="4" />
                <SequencePoint vc="1" uspid="1032" ordinal="0" offset="37" sl="80" sc="5" el="80" ec="5" bec="0" bev="0" fileid="4" />
              </SequencePoints>
              <BranchPoints />
            </Method>
            <Method visited="true" cyclomaticComplexity="0" nPathComplexity="0" sequenceCoverage="100.0" branchCoverage="0" crapScore="0" isConstructor="false" isStatic="false" isGetter="false" isSetter="false">
              <Summary numSequencePoints="4" visitedSequencePoints="4" numBranchPoints="0" visitedBranchPoints="0" sequenceCoverage="100.0" branchCoverage="0" maxCyclomaticComplexity="0" minCyclomaticComplexity="0" maxCrapScore="0" minCrapScore="0" visitedClasses="0" numClasses="0" visitedMethods="1" numMethods="1" />
              <MetadataToken>100663315</MetadataToken>
              <Name>System.Void GameFieldTests::IsGameOver_ShouldReturnFalse_WhenEmptyCellsExist()</Name>
              <FileRef uid="4" />
              <SequencePoints>
                <SequencePoint vc="1" uspid="1033" ordinal="0" offset="0" sl="83" sc="68" el="83" ec="68" bec="0" bev="0" fileid="4" />
                <SequencePoint vc="1" uspid="1034" ordinal="0" offset="1" sl="84" sc="9" el="84" ec="9" bec="0" bev="0" fileid="4" />
                <SequencePoint vc="1" uspid="1035" ordinal="0" offset="13" sl="85" sc="9" el="85" ec="9" bec="0" bev="0" fileid="4" />
                <SequencePoint vc="1" uspid="1036" ordinal="0" offset="30" sl="86" sc="5" el="86" ec="5" bec="0" bev="0" fileid="4" />
              </SequencePoints>
              <BranchPoints />
            </Method>
            <Method visited="true" cyclomaticComplexity="0" nPathComplexity="0" sequenceCoverage="100.0" branchCoverage="0" crapScore="0" isConstructor="false" isStatic="false" isGetter="false" isSetter="false">
              <Summary numSequencePoints="7" visitedSequencePoints="7" numBranchPoints="0" visitedBranchPoints="0" sequenceCoverage="100.0" branchCoverage="0" maxCyclomaticComplexity="0" minCyclomaticComplexity="0" maxCrapScore="0" minCrapScore="0" visitedClasses="0" numClasses="0" visitedMethods="1" numMethods="1" />
              <MetadataToken>100663316</MetadataToken>
              <Name>System.Void GameFieldTests::RecalculateScore_ShouldSumAllCells()</Name>
              <FileRef uid="4" />
              <SequencePoints>
                <SequencePoint vc="1" uspid="1037" ordinal="0" offset="0" sl="89" sc="54" el="89" ec="54" bec="0" bev="0" fileid="4" />
                <SequencePoint vc="1" uspid="1038" ordinal="0" offset="1" sl="91" sc="9" el="91" ec="9" bec="0" bev="0" fileid="4" />
                <SequencePoint vc="1" uspid="1039" ordinal="0" offset="24" sl="92" sc="9" el="92" ec="9" bec="0" bev="0" fileid="4" />
                <SequencePoint vc="1" uspid="1040" ordinal="0" offset="70" sl="97" sc="9" el="97" ec="9" bec="0" bev="0" fileid="4" />
                <SequencePoint vc="1" uspid="1041" ordinal="0" offset="84" sl="100" sc="9" el="100" ec="9" bec="0" bev="0" fileid="4" />
                <SequencePoint vc="1" uspid="1042" ordinal="0" offset="96" sl="103" sc="9" el="103" ec="9" bec="0" bev="0" fileid="4" />
                <SequencePoint vc="1" uspid="1043" ordinal="0" offset="123" sl="104" sc="5" el="104" ec="5" bec="0" bev="0" fileid="4" />
              </SequencePoints>
              <BranchPoints />
            </Method>
            <Method visited="true" cyclomaticComplexity="0" nPathComplexity="0" sequenceCoverage="100.0" branchCoverage="0" crapScore="0" isConstructor="false" isStatic="false" isGetter="false" isSetter="false">
              <Summary numSequencePoints="6" visitedSequencePoints="6" numBranchPoints="0" visitedBranchPoints="0" sequenceCoverage="100.0" branchCoverage="0" maxCyclomaticComplexity="0" minCyclomaticComplexity="0" maxCrapScore="0" minCrapScore="0" visitedClasses="0" numClasses="0" visitedMethods="1" numMethods="1" />
              <MetadataToken>100663317</MetadataToken>
              <Name>System.Void GameFieldTests::GameOver_ShouldClearCellsAndResetScore()</Name>
              <FileRef uid="4" />
              <SequencePoints>
                <SequencePoint vc="1" uspid="1044" ordinal="0" offset="0" sl="107" sc="58" el="107" ec="58" bec="0" bev="0" fileid="4" />
                <SequencePoint vc="1" uspid="1045" ordinal="0" offset="1" sl="109" sc="9" el="109" ec="9" bec="0" bev="0" fileid="4" />
                <SequencePoint vc="1" uspid="1046" ordinal="0" offset="13" sl="110" sc="9" el="110" ec="9" bec="0" bev="0" fileid="4" />
                <SequencePoint vc="1" uspid="1047" ordinal="0" offset="27" sl="113" sc="9" el="113" ec="9" bec="0" bev="0" fileid="4" />
                <SequencePoint vc="1" uspid="1048" ordinal="0" offset="39" sl="116" sc="9" el="116" ec="9" bec="0" bev="0" fileid="4" />
                <SequencePoint vc="1" uspid="1049" ordinal="0" offset="76" sl="117" sc="5" el="117" ec="5" bec="0" bev="0" fileid="4" />
              </SequencePoints>
              <BranchPoints />
            </Method>
            <Method visited="true" cyclomaticComplexity="0" nPathComplexity="0" sequenceCoverage="100.0" branchCoverage="0" crapScore="0" isConstructor="false" isStatic="false" isGetter="false" isSetter="false">
              <Summary numSequencePoints="19" visitedSequencePoints="19" numBranchPoints="0" visitedBranchPoints="0" sequenceCoverage="100.0" branchCoverage="0" maxCyclomaticComplexity="0" minCyclomaticComplexity="0" maxCrapScore="0" minCrapScore="0" visitedClasses="0" numClasses="0" visitedMethods="1" numMethods="1" />
              <MetadataToken>100663318</MetadataToken>
              <Name>System.Void GameFieldTests::IsGameOver_ShouldReturnTrue_WhenNoMovesLeft()</Name>
              <FileRef uid="4" />
              <SequencePoints>
                <SequencePoint vc="1" uspid="1050" ordinal="0" offset="0" sl="120" sc="63" el="120" ec="63" bec="0" bev="0" fileid="4" />
                <SequencePoint vc="1" uspid="1051" ordinal="0" offset="1" sl="122" sc="9" el="122" ec="9" bec="0" bev="0" fileid="4" />
                <SequencePoint vc="1" uspid="1052" ordinal="0" offset="24" sl="123" sc="9" el="123" ec="9" bec="0" bev="0" fileid="4" />
                <SequencePoint vc="1" uspid="1053" ordinal="0" offset="30" sl="125" sc="14" el="125" ec="14" bec="0" bev="0" fileid="4" />
                <SequencePoint vc="4" uspid="1054" ordinal="0" offset="34" sl="125" sc="54" el="125" ec="54" bec="0" bev="0" fileid="4" />
                <SequencePoint vc="4" uspid="1055" ordinal="0" offset="35" sl="126" sc="18" el="126" ec="18" bec="0" bev="0" fileid="4" />
                <SequencePoint vc="16" uspid="1056" ordinal="0" offset="40" sl="126" sc="58" el="126" ec="58" bec="0" bev="0" fileid="4" />
                <SequencePoint vc="16" uspid="1057" ordinal="0" offset="41" sl="128" sc="17" el="128" ec="17" bec="0" bev="0" fileid="4" />
                <SequencePoint vc="16" uspid="1058" ordinal="0" offset="53" sl="129" sc="17" el="129" ec="17" bec="0" bev="0" fileid="4" />
                <SequencePoint vc="16" uspid="1059" ordinal="0" offset="75" sl="130" sc="13" el="130" ec="13" bec="0" bev="0" fileid="4" />
                <SequencePoint vc="16" uspid="1060" ordinal="0" offset="76" sl="126" sc="53" el="126" ec="53" bec="0" bev="0" fileid="4" />
                <SequencePoint vc="20" uspid="1061" ordinal="0" offset="82" sl="126" sc="29" el="126" ec="29" bec="0" bev="0" fileid="4" />
                <SequencePoint vc="4" uspid="1062" ordinal="0" offset="103" sl="131" sc="9" el="131" ec="9" bec="0" bev="0" fileid="4" />
                <SequencePoint vc="4" uspid="1063" ordinal="0" offset="104" sl="125" sc="49" el="125" ec="49" bec="0" bev="0" fileid="4" />
                <SequencePoint vc="5" uspid="1064" ordinal="0" offset="108" sl="125" sc="25" el="125" ec="25" bec="0" bev="0" fileid="4" />
                <SequencePoint vc="1" uspid="1065" ordinal="0" offset="128" sl="132" sc="9" el="132" ec="9" bec="0" bev="0" fileid="4" />
                <SequencePoint vc="1" uspid="1066" ordinal="0" offset="142" sl="135" sc="9" el="135" ec="9" bec="0" bev="0" fileid="4" />
                <SequencePoint vc="1" uspid="1067" ordinal="0" offset="154" sl="138" sc="9" el="138" ec="9" bec="0" bev="0" fileid="4" />
                <SequencePoint vc="1" uspid="1068" ordinal="0" offset="171" sl="139" sc="5" el="139" ec="5" bec="0" bev="0" fileid="4" />
              </SequencePoints>
              <BranchPoints />
            </Method>
            <Method visited="true" cyclomaticComplexity="0" nPathComplexity="0" sequenceCoverage="100.0" branchCoverage="0" crapScore="0" isConstructor="false" isStatic="false" isGetter="false" isSetter="false">
              <Summary numSequencePoints="9" visitedSequencePoints="9" numBranchPoints="0" visitedBranchPoints="0" sequenceCoverage="100.0" branchCoverage="0" maxCyclomaticComplexity="0" minCyclomaticComplexity="0" maxCrapScore="0" minCrapScore="0" visitedClasses="0" numClasses="0" visitedMethods="1" numMethods="1" />
              <MetadataToken>100663319</MetadataToken>
              <Name>System.Void GameFieldTests::MoveCells_ShouldNotCrash_WhenEmptyField()</Name>
              <FileRef uid="4" />
              <SequencePoints>
                <SequencePoint vc="1" uspid="1069" ordinal="0" offset="0" sl="142" sc="59" el="142" ec="59" bec="0" bev="0" fileid="4" />
                <SequencePoint vc="1" uspid="1070" ordinal="0" offset="1" sl="144" sc="9" el="144" ec="9" bec="0" bev="0" fileid="4" />
                <SequencePoint vc="1" uspid="1071" ordinal="0" offset="18" sl="145" sc="9" el="145" ec="9" bec="0" bev="0" fileid="4" />
                <SequencePoint vc="1" uspid="1072" ordinal="0" offset="35" sl="146" sc="9" el="146" ec="9" bec="0" bev="0" fileid="4" />
                <SequencePoint vc="1" uspid="1073" ordinal="0" offset="52" sl="147" sc="9" el="147" ec="9" bec="0" bev="0" fileid="4" />
                <SequencePoint vc="1" uspid="1074" ordinal="0" offset="69" sl="151" sc="9" el="151" ec="9" bec="0" bev="0" fileid="4" />
                <SequencePoint vc="1" uspid="1075" ordinal="0" offset="92" sl="152" sc="9" el="152" ec="9" bec="0" bev="0" fileid="4" />
                <SequencePoint vc="1" uspid="1076" ordinal="0" offset="110" sl="153" sc="9" el="153" ec="9" bec="0" bev="0" fileid="4" />
                <SequencePoint vc="1" uspid="1077" ordinal="0" offset="117" sl="154" sc="5" el="154" ec="5" bec="0" bev="0" fileid="4" />
              </SequencePoints>
              <BranchPoints />
            </Method>
            <Method visited="true" cyclomaticComplexity="0" nPathComplexity="0" sequenceCoverage="100.0" branchCoverage="0" crapScore="0" isConstructor="false" isStatic="false" isGetter="false" isSetter="false">
              <Summary numSequencePoints="9" visitedSequencePoints="9" numBranchPoints="0" visitedBranchPoints="0" sequenceCoverage="100.0" branchCoverage="0" maxCyclomaticComplexity="0" minCyclomaticComplexity="0" maxCrapScore="0" minCrapScore="0" visitedClasses="0" numClasses="0" visitedMethods="1" numMethods="1" />
              <MetadataToken>100663320</MetadataToken>
              <Name>System.Void GameFieldTests::SaveLoadGame_ShouldRestoreCells()</Name>
              <FileRef uid="4" />
              <SequencePoints>
                <SequencePoint vc="1" uspid="1078" ordinal="0" offset="0" sl="157" sc="51" el="157" ec="51" bec="0" bev="0" fileid="4" />
                <SequencePoint vc="1" uspid="1079" ordinal="0" offset="1" sl="159" sc="9" el="159" ec="9" bec="0" bev="0" fileid="4" />
                <SequencePoint vc="1" uspid="1080" ordinal="0" offset="24" sl="160" sc="9" el="160" ec="9" bec="0" bev="0" fileid="4" />
                <SequencePoint vc="1" uspid="1081" ordinal="0" offset="70" sl="165" sc="9" el="165" ec="9" bec="0" bev="0" fileid="4" />
                <SequencePoint vc="1" uspid="1082" ordinal="0" offset="84" sl="168" sc="9" el="168" ec="9" bec="0" bev="0" fileid="4" />
                <SequencePoint vc="1" uspid="1083" ordinal="0" offset="96" sl="169" sc="9" el="169" ec="9" bec="0" bev="0" fileid="4" />
                <SequencePoint vc="1" uspid="1084" ordinal="0" offset="108" sl="172" sc="9" el="172" ec="9" bec="0" bev="0" fileid="4" />
                <SequencePoint vc="1" uspid="1085" ordinal="0" offset="126" sl="173" sc="9" el="173" ec="9" bec="0" bev="0" fileid="4" />
                <SequencePoint vc="1" uspid="1086" ordinal="0" offset="159" sl="174" sc="5" el="174" ec="5" bec="0" bev="0" fileid="4" />
              </SequencePoints>
              <BranchPoints />
            </Method>
            <Method visited="true" cyclomaticComplexity="0" nPathComplexity="0" sequenceCoverage="75.00" branchCoverage="0" crapScore="0" isConstructor="false" isStatic="false" isGetter="false" isSetter="false">
              <Summary numSequencePoints="4" visitedSequencePoints="3" numBranchPoints="0" visitedBranchPoints="0" sequenceCoverage="75.00" branchCoverage="0" maxCyclomaticComplexity="0" minCyclomaticComplexity="0" maxCrapScore="0" minCrapScore="0" visitedClasses="0" numClasses="0" visitedMethods="1" numMethods="1" />
              <MetadataToken>100663321</MetadataToken>
              <Name>System.Void GameFieldTests::OnApplicationQuit_ShouldCallSaveGame()</Name>
              <FileRef uid="4" />
              <SequencePoints>
                <SequencePoint vc="1" uspid="1087" ordinal="0" offset="0" sl="177" sc="56" el="177" ec="56" bec="0" bev="0" fileid="4" />
                <SequencePoint vc="1" uspid="1088" ordinal="0" offset="1" sl="179" sc="9" el="179" ec="9" bec="0" bev="0" fileid="4" />
                <SequencePoint vc="1" uspid="1089" ordinal="0" offset="13" sl="181" sc="9" el="181" ec="9" bec="0" bev="0" fileid="4" />
                <SequencePoint vc="0" uspid="1090" ordinal="0" offset="19" sl="182" sc="5" el="182" ec="5" bec="0" bev="0" fileid="4" />
              </SequencePoints>
              <BranchPoints />
            </Method>
            <Method visited="true" cyclomaticComplexity="0" nPathComplexity="0" sequenceCoverage="75.00" branchCoverage="0" crapScore="0" isConstructor="false" isStatic="false" isGetter="false" isSetter="false">
              <Summary numSequencePoints="4" visitedSequencePoints="3" numBranchPoints="0" visitedBranchPoints="0" sequenceCoverage="75.00" branchCoverage="0" maxCyclomaticComplexity="0" minCyclomaticComplexity="0" maxCrapScore="0" minCrapScore="0" visitedClasses="0" numClasses="0" visitedMethods="1" numMethods="1" />
              <MetadataToken>100663322</MetadataToken>
              <Name>System.Void GameFieldTests::OnApplicationPause_ShouldCallSaveGame_WhenPaused()</Name>
              <FileRef uid="4" />
              <SequencePoints>
                <SequencePoint vc="1" uspid="1091" ordinal="0" offset="0" sl="185" sc="68" el="185" ec="68" bec="0" bev="0" fileid="4" />
                <SequencePoint vc="1" uspid="1092" ordinal="0" offset="1" sl="187" sc="9" el="187" ec="9" bec="0" bev="0" fileid="4" />
                <SequencePoint vc="1" uspid="1093" ordinal="0" offset="14" sl="188" sc="9" el="188" ec="9" bec="0" bev="0" fileid="4" />
                <SequencePoint vc="0" uspid="1094" ordinal="0" offset="20" sl="189" sc="5" el="189" ec="5" bec="0" bev="0" fileid="4" />
              </SequencePoints>
              <BranchPoints />
            </Method>
            <Method visited="true" cyclomaticComplexity="0" nPathComplexity="0" sequenceCoverage="100.0" branchCoverage="0" crapScore="0" isConstructor="false" isStatic="false" isGetter="false" isSetter="false">
              <Summary numSequencePoints="7" visitedSequencePoints="7" numBranchPoints="0" visitedBranchPoints="0" sequenceCoverage="100.0" branchCoverage="0" maxCyclomaticComplexity="0" minCyclomaticComplexity="0" maxCrapScore="0" minCrapScore="0" visitedClasses="0" numClasses="0" visitedMethods="1" numMethods="1" />
              <MetadataToken>100663323</MetadataToken>
              <Name>System.Void GameFieldTests::Start_ShouldInitializeGameField()</Name>
              <FileRef uid="4" />
              <SequencePoints>
                <SequencePoint vc="1" uspid="1095" ordinal="0" offset="0" sl="192" sc="51" el="192" ec="51" bec="0" bev="0" fileid="4" />
                <SequencePoint vc="1" uspid="1096" ordinal="0" offset="1" sl="194" sc="9" el="194" ec="9" bec="0" bev="0" fileid="4" />
                <SequencePoint vc="1" uspid="1097" ordinal="0" offset="13" sl="198" sc="9" el="198" ec="9" bec="0" bev="0" fileid="4" />
                <SequencePoint vc="1" uspid="1098" ordinal="0" offset="36" sl="199" sc="9" el="199" ec="9" bec="0" bev="0" fileid="4" />
                <SequencePoint vc="1" uspid="1099" ordinal="0" offset="54" sl="201" sc="9" el="201" ec="9" bec="0" bev="0" fileid="4" />
                <SequencePoint vc="1" uspid="1100" ordinal="0" offset="82" sl="204" sc="9" el="204" ec="9" bec="0" bev="0" fileid="4" />
                <SequencePoint vc="1" uspid="1101" ordinal="0" offset="147" sl="205" sc="5" el="205" ec="5" bec="0" bev="0" fileid="4" />
              </SequencePoints>
              <BranchPoints />
            </Method>
            <Method visited="true" cyclomaticComplexity="0" nPathComplexity="0" sequenceCoverage="88.89" branchCoverage="0" crapScore="0" isConstructor="false" isStatic="false" isGetter="false" isSetter="false">
              <Summary numSequencePoints="9" visitedSequencePoints="8" numBranchPoints="0" visitedBranchPoints="0" sequenceCoverage="88.89" branchCoverage="0" maxCyclomaticComplexity="0" minCyclomaticComplexity="0" maxCrapScore="0" minCrapScore="0" visitedClasses="0" numClasses="0" visitedMethods="1" numMethods="1" />
              <MetadataToken>100663324</MetadataToken>
              <Name>System.Void GameFieldTests::LoadGame_ShouldHandleMissingFileGracefully()</Name>
              <FileRef uid="4" />
              <SequencePoints>
                <SequencePoint vc="1" uspid="1102" ordinal="0" offset="0" sl="208" sc="62" el="208" ec="62" bec="0" bev="0" fileid="4" />
                <SequencePoint vc="1" uspid="1103" ordinal="0" offset="1" sl="210" sc="9" el="210" ec="9" bec="0" bev="0" fileid="4" />
                <SequencePoint vc="1" uspid="1104" ordinal="0" offset="17" sl="211" sc="9" el="211" ec="9" bec="0" bev="0" fileid="4" />
                <SequencePoint vc="1" uspid="1105" ordinal="0" offset="27" sl="211" sc="42" el="211" ec="42" bec="0" bev="0" fileid="4" />
                <SequencePoint vc="1" uspid="1106" ordinal="0" offset="28" sl="212" sc="13" el="212" ec="13" bec="0" bev="0" fileid="4" />
                <SequencePoint vc="1" uspid="1107" ordinal="0" offset="35" sl="213" sc="9" el="213" ec="9" bec="0" bev="0" fileid="4" />
                <SequencePoint vc="1" uspid="1108" ordinal="0" offset="36" sl="216" sc="9" el="216" ec="9" bec="0" bev="0" fileid="4" />
                <SequencePoint vc="1" uspid="1109" ordinal="0" offset="48" sl="219" sc="9" el="219" ec="9" bec="0" bev="0" fileid="4" />
                <SequencePoint vc="0" uspid="1110" ordinal="0" offset="54" sl="220" sc="5" el="220" ec="5" bec="0" bev="0" fileid="4" />
              </SequencePoints>
              <BranchPoints />
            </Method>
            <Method visited="true" cyclomaticComplexity="0" nPathComplexity="0" sequenceCoverage="100.0" branchCoverage="0" crapScore="0" isConstructor="false" isStatic="false" isGetter="false" isSetter="false">
              <Summary numSequencePoints="8" visitedSequencePoints="8" numBranchPoints="0" visitedBranchPoints="0" sequenceCoverage="100.0" branchCoverage="0" maxCyclomaticComplexity="0" minCyclomaticComplexity="0" maxCrapScore="0" minCrapScore="0" visitedClasses="0" numClasses="0" visitedMethods="1" numMethods="1" />
              <MetadataToken>100663325</MetadataToken>
              <Name>System.Void GameFieldTests::MoveCellsLeft_ShouldMoveCellWithoutMerging()</Name>
              <FileRef uid="4" />
              <SequencePoints>
                <SequencePoint vc="1" uspid="1111" ordinal="0" offset="0" sl="223" sc="62" el="223" ec="62" bec="0" bev="0" fileid="4" />
                <SequencePoint vc="1" uspid="1112" ordinal="0" offset="1" sl="225" sc="9" el="225" ec="9" bec="0" bev="0" fileid="4" />
                <SequencePoint vc="1" uspid="1113" ordinal="0" offset="24" sl="226" sc="9" el="226" ec="9" bec="0" bev="0" fileid="4" />
                <SequencePoint vc="1" uspid="1114" ordinal="0" offset="50" sl="230" sc="9" el="230" ec="9" bec="0" bev="0" fileid="4" />
                <SequencePoint vc="1" uspid="1115" ordinal="0" offset="64" sl="233" sc="9" el="233" ec="9" bec="0" bev="0" fileid="4" />
                <SequencePoint vc="1" uspid="1116" ordinal="0" offset="81" sl="236" sc="9" el="236" ec="9" bec="0" bev="0" fileid="4" />
                <SequencePoint vc="1" uspid="1117" ordinal="0" offset="99" sl="237" sc="9" el="237" ec="9" bec="0" bev="0" fileid="4" />
                <SequencePoint vc="1" uspid="1118" ordinal="0" offset="144" sl="238" sc="5" el="238" ec="5" bec="0" bev="0" fileid="4" />
              </SequencePoints>
              <BranchPoints />
            </Method>
            <Method visited="true" cyclomaticComplexity="0" nPathComplexity="0" sequenceCoverage="100.0" branchCoverage="0" crapScore="0" isConstructor="false" isStatic="false" isGetter="false" isSetter="false">
              <Summary numSequencePoints="8" visitedSequencePoints="8" numBranchPoints="0" visitedBranchPoints="0" sequenceCoverage="100.0" branchCoverage="0" maxCyclomaticComplexity="0" minCyclomaticComplexity="0" maxCrapScore="0" minCrapScore="0" visitedClasses="0" numClasses="0" visitedMethods="1" numMethods="1" />
              <MetadataToken>100663326</MetadataToken>
              <Name>System.Void GameFieldTests::MoveCellsRight_ShouldMoveCellWithoutMerging()</Name>
              <FileRef uid="4" />
              <SequencePoints>
                <SequencePoint vc="1" uspid="1119" ordinal="0" offset="0" sl="241" sc="63" el="241" ec="63" bec="0" bev="0" fileid="4" />
                <SequencePoint vc="1" uspid="1120" ordinal="0" offset="1" sl="242" sc="9" el="242" ec="9" bec="0" bev="0" fileid="4" />
                <SequencePoint vc="1" uspid="1121" ordinal="0" offset="24" sl="243" sc="9" el="243" ec="9" bec="0" bev="0" fileid="4" />
                <SequencePoint vc="1" uspid="1122" ordinal="0" offset="50" sl="247" sc="9" el="247" ec="9" bec="0" bev="0" fileid="4" />
                <SequencePoint vc="1" uspid="1123" ordinal="0" offset="64" sl="249" sc="9" el="249" ec="9" bec="0" bev="0" fileid="4" />
                <SequencePoint vc="1" uspid="1124" ordinal="0" offset="81" sl="251" sc="9" el="251" ec="9" bec="0" bev="0" fileid="4" />
                <SequencePoint vc="1" uspid="1125" ordinal="0" offset="99" sl="252" sc="9" el="252" ec="9" bec="0" bev="0" fileid="4" />
                <SequencePoint vc="1" uspid="1126" ordinal="0" offset="144" sl="253" sc="5" el="253" ec="5" bec="0" bev="0" fileid="4" />
              </SequencePoints>
              <BranchPoints />
            </Method>
            <Method visited="true" cyclomaticComplexity="0" nPathComplexity="0" sequenceCoverage="100.0" branchCoverage="0" crapScore="0" isConstructor="false" isStatic="false" isGetter="false" isSetter="false">
              <Summary numSequencePoints="8" visitedSequencePoints="8" numBranchPoints="0" visitedBranchPoints="0" sequenceCoverage="100.0" branchCoverage="0" maxCyclomaticComplexity="0" minCyclomaticComplexity="0" maxCrapScore="0" minCrapScore="0" visitedClasses="0" numClasses="0" visitedMethods="1" numMethods="1" />
              <MetadataToken>100663327</MetadataToken>
              <Name>System.Void GameFieldTests::MoveCellsUp_ShouldMoveCellWithoutMerging()</Name>
              <FileRef uid="4" />
              <SequencePoints>
                <SequencePoint vc="1" uspid="1127" ordinal="0" offset="0" sl="256" sc="60" el="256" ec="60" bec="0" bev="0" fileid="4" />
                <SequencePoint vc="1" uspid="1128" ordinal="0" offset="1" sl="257" sc="9" el="257" ec="9" bec="0" bev="0" fileid="4" />
                <SequencePoint vc="1" uspid="1129" ordinal="0" offset="24" sl="258" sc="9" el="258" ec="9" bec="0" bev="0" fileid="4" />
                <SequencePoint vc="1" uspid="1130" ordinal="0" offset="50" sl="262" sc="9" el="262" ec="9" bec="0" bev="0" fileid="4" />
                <SequencePoint vc="1" uspid="1131" ordinal="0" offset="64" sl="264" sc="9" el="264" ec="9" bec="0" bev="0" fileid="4" />
                <SequencePoint vc="1" uspid="1132" ordinal="0" offset="81" sl="266" sc="9" el="266" ec="9" bec="0" bev="0" fileid="4" />
                <SequencePoint vc="1" uspid="1133" ordinal="0" offset="99" sl="267" sc="9" el="267" ec="9" bec="0" bev="0" fileid="4" />
                <SequencePoint vc="1" uspid="1134" ordinal="0" offset="144" sl="268" sc="5" el="268" ec="5" bec="0" bev="0" fileid="4" />
              </SequencePoints>
              <BranchPoints />
            </Method>
            <Method visited="true" cyclomaticComplexity="0" nPathComplexity="0" sequenceCoverage="100.0" branchCoverage="0" crapScore="0" isConstructor="false" isStatic="false" isGetter="false" isSetter="false">
              <Summary numSequencePoints="8" visitedSequencePoints="8" numBranchPoints="0" visitedBranchPoints="0" sequenceCoverage="100.0" branchCoverage="0" maxCyclomaticComplexity="0" minCyclomaticComplexity="0" maxCrapScore="0" minCrapScore="0" visitedClasses="0" numClasses="0" visitedMethods="1" numMethods="1" />
              <MetadataToken>100663328</MetadataToken>
              <Name>System.Void GameFieldTests::MoveCellsDown_ShouldMoveCellWithoutMerging()</Name>
              <FileRef uid="4" />
              <SequencePoints>
                <SequencePoint vc="1" uspid="1135" ordinal="0" offset="0" sl="271" sc="62" el="271" ec="62" bec="0" bev="0" fileid="4" />
                <SequencePoint vc="1" uspid="1136" ordinal="0" offset="1" sl="272" sc="9" el="272" ec="9" bec="0" bev="0" fileid="4" />
                <SequencePoint vc="1" uspid="1137" ordinal="0" offset="24" sl="273" sc="9" el="273" ec="9" bec="0" bev="0" fileid="4" />
                <SequencePoint vc="1" uspid="1138" ordinal="0" offset="50" sl="277" sc="9" el="277" ec="9" bec="0" bev="0" fileid="4" />
                <SequencePoint vc="1" uspid="1139" ordinal="0" offset="64" sl="279" sc="9" el="279" ec="9" bec="0" bev="0" fileid="4" />
                <SequencePoint vc="1" uspid="1140" ordinal="0" offset="81" sl="281" sc="9" el="281" ec="9" bec="0" bev="0" fileid="4" />
                <SequencePoint vc="1" uspid="1141" ordinal="0" offset="99" sl="282" sc="9" el="282" ec="9" bec="0" bev="0" fileid="4" />
                <SequencePoint vc="1" uspid="1142" ordinal="0" offset="144" sl="283" sc="5" el="283" ec="5" bec="0" bev="0" fileid="4" />
              </SequencePoints>
              <BranchPoints />
            </Method>
            <Method visited="true" cyclomaticComplexity="0" nPathComplexity="0" sequenceCoverage="100.0" branchCoverage="0" crapScore="0" isConstructor="false" isStatic="false" isGetter="false" isSetter="false">
              <Summary numSequencePoints="16" visitedSequencePoints="16" numBranchPoints="0" visitedBranchPoints="0" sequenceCoverage="100.0" branchCoverage="0" maxCyclomaticComplexity="0" minCyclomaticComplexity="0" maxCrapScore="0" minCrapScore="0" visitedClasses="0" numClasses="0" visitedMethods="1" numMethods="1" />
              <MetadataToken>100663329</MetadataToken>
              <Name>System.Void GameFieldTests::RemoveCell_ShouldDeleteCellAndView()</Name>
              <FileRef uid="4" />
              <SequencePoints>
                <SequencePoint vc="1" uspid="1143" ordinal="0" offset="0" sl="286" sc="54" el="286" ec="54" bec="0" bev="0" fileid="4" />
                <SequencePoint vc="1" uspid="1144" ordinal="0" offset="1" sl="287" sc="9" el="287" ec="9" bec="0" bev="0" fileid="4" />
                <SequencePoint vc="1" uspid="1145" ordinal="0" offset="24" sl="288" sc="9" el="288" ec="9" bec="0" bev="0" fileid="4" />
                <SequencePoint vc="1" uspid="1146" ordinal="0" offset="47" sl="290" sc="9" el="290" ec="9" bec="0" bev="0" fileid="4" />
                <SequencePoint vc="1" uspid="1147" ordinal="0" offset="61" sl="291" sc="9" el="291" ec="9" bec="0" bev="0" fileid="4" />
                <SequencePoint vc="1" uspid="1148" ordinal="0" offset="75" sl="292" sc="9" el="292" ec="9" bec="0" bev="0" fileid="4" />
                <SequencePoint vc="1" uspid="1149" ordinal="0" offset="89" sl="294" sc="9" el="294" ec="9" bec="0" bev="0" fileid="4" />
                <SequencePoint vc="1" uspid="1150" ordinal="0" offset="101" sl="295" sc="9" el="295" ec="9" bec="0" bev="0" fileid="4" />
                <SequencePoint vc="1" uspid="1151" ordinal="0" offset="118" sl="296" sc="9" el="296" ec="9" bec="0" bev="0" fileid="4" />
                <SequencePoint vc="1" uspid="1152" ordinal="0" offset="133" sl="298" sc="9" el="298" ec="9" bec="0" bev="0" fileid="4" />
                <SequencePoint vc="1" uspid="1153" ordinal="0" offset="157" sl="299" sc="9" el="299" ec="9" bec="0" bev="0" fileid="4" />
                <SequencePoint vc="1" uspid="1154" ordinal="0" offset="181" sl="301" sc="9" el="301" ec="9" bec="0" bev="0" fileid="4" />
                <SequencePoint vc="1" uspid="1155" ordinal="0" offset="200" sl="302" sc="9" el="302" ec="9" bec="0" bev="0" fileid="4" />
                <SequencePoint vc="1" uspid="1156" ordinal="0" offset="219" sl="304" sc="9" el="304" ec="9" bec="0" bev="0" fileid="4" />
                <SequencePoint vc="1" uspid="1157" ordinal="0" offset="237" sl="305" sc="9" el="305" ec="9" bec="0" bev="0" fileid="4" />
                <SequencePoint vc="1" uspid="1158" ordinal="0" offset="255" sl="306" sc="5" el="306" ec="5" bec="0" bev="0" fileid="4" />
              </SequencePoints>
              <BranchPoints />
            </Method>
            <Method visited="true" cyclomaticComplexity="0" nPathComplexity="0" sequenceCoverage="100.0" branchCoverage="0" crapScore="0" isConstructor="false" isStatic="false" isGetter="false" isSetter="false">
              <Summary numSequencePoints="7" visitedSequencePoints="7" numBranchPoints="0" visitedBranchPoints="0" sequenceCoverage="100.0" branchCoverage="0" maxCyclomaticComplexity="0" minCyclomaticComplexity="0" maxCrapScore="0" minCrapScore="0" visitedClasses="0" numClasses="0" visitedMethods="1" numMethods="1" />
              <MetadataToken>100663330</MetadataToken>
              <Name>System.Void GameFieldTests::RecalculateScore_ShouldSumDifferentCells()</Name>
              <FileRef uid="4" />
              <SequencePoints>
                <SequencePoint vc="1" uspid="1159" ordinal="0" offset="0" sl="309" sc="60" el="309" ec="60" bec="0" bev="0" fileid="4" />
                <SequencePoint vc="1" uspid="1160" ordinal="0" offset="1" sl="310" sc="9" el="310" ec="9" bec="0" bev="0" fileid="4" />
                <SequencePoint vc="1" uspid="1161" ordinal="0" offset="24" sl="311" sc="9" el="311" ec="9" bec="0" bev="0" fileid="4" />
                <SequencePoint vc="1" uspid="1162" ordinal="0" offset="90" sl="317" sc="9" el="317" ec="9" bec="0" bev="0" fileid="4" />
                <SequencePoint vc="1" uspid="1163" ordinal="0" offset="104" sl="319" sc="9" el="319" ec="9" bec="0" bev="0" fileid="4" />
                <SequencePoint vc="1" uspid="1164" ordinal="0" offset="116" sl="321" sc="9" el="321" ec="9" bec="0" bev="0" fileid="4" />
                <SequencePoint vc="1" uspid="1165" ordinal="0" offset="153" sl="322" sc="5" el="322" ec="5" bec="0" bev="0" fileid="4" />
              </SequencePoints>
              <BranchPoints />
            </Method>
            <Method visited="true" cyclomaticComplexity="0" nPathComplexity="0" sequenceCoverage="100.0" branchCoverage="0" crapScore="0" isConstructor="false" isStatic="false" isGetter="false" isSetter="false">
              <Summary numSequencePoints="8" visitedSequencePoints="8" numBranchPoints="0" visitedBranchPoints="0" sequenceCoverage="100.0" branchCoverage="0" maxCyclomaticComplexity="0" minCyclomaticComplexity="0" maxCrapScore="0" minCrapScore="0" visitedClasses="0" numClasses="0" visitedMethods="1" numMethods="1" />
              <MetadataToken>100663331</MetadataToken>
              <Name>System.Void GameFieldTests::GameOver_ShouldResetScoreWithoutUpdatingHighScore()</Name>
              <FileRef uid="4" />
              <SequencePoints>
                <SequencePoint vc="1" uspid="1166" ordinal="0" offset="0" sl="325" sc="69" el="325" ec="69" bec="0" bev="0" fileid="4" />
                <SequencePoint vc="1" uspid="1167" ordinal="0" offset="1" sl="327" sc="9" el="327" ec="9" bec="0" bev="0" fileid="4" />
                <SequencePoint vc="1" uspid="1168" ordinal="0" offset="45" sl="330" sc="9" el="330" ec="9" bec="0" bev="0" fileid="4" />
                <SequencePoint vc="1" uspid="1169" ordinal="0" offset="67" sl="333" sc="9" el="333" ec="9" bec="0" bev="0" fileid="4" />
                <SequencePoint vc="1" uspid="1170" ordinal="0" offset="81" sl="336" sc="9" el="336" ec="9" bec="0" bev="0" fileid="4" />
                <SequencePoint vc="1" uspid="1171" ordinal="0" offset="93" sl="339" sc="9" el="339" ec="9" bec="0" bev="0" fileid="4" />
                <SequencePoint vc="1" uspid="1172" ordinal="0" offset="130" sl="340" sc="9" el="340" ec="9" bec="0" bev="0" fileid="4" />
                <SequencePoint vc="1" uspid="1173" ordinal="0" offset="167" sl="341" sc="5" el="341" ec="5" bec="0" bev="0" fileid="4" />
              </SequencePoints>
              <BranchPoints />
            </Method>
            <Method visited="true" cyclomaticComplexity="0" nPathComplexity="0" sequenceCoverage="100.0" branchCoverage="0" crapScore="0" isConstructor="false" isStatic="false" isGetter="false" isSetter="false">
              <Summary numSequencePoints="7" visitedSequencePoints="7" numBranchPoints="0" visitedBranchPoints="0" sequenceCoverage="100.0" branchCoverage="0" maxCyclomaticComplexity="0" minCyclomaticComplexity="0" maxCrapScore="0" minCrapScore="0" visitedClasses="0" numClasses="0" visitedMethods="1" numMethods="1" />
              <MetadataToken>100663332</MetadataToken>
              <Name>System.Void GameFieldTests::IsGameOver_ShouldReturnFalse_WhenAdjacentCellsCanMerge()</Name>
              <FileRef uid="4" />
              <SequencePoints>
                <SequencePoint vc="1" uspid="1174" ordinal="0" offset="0" sl="344" sc="74" el="344" ec="74" bec="0" bev="0" fileid="4" />
                <SequencePoint vc="1" uspid="1175" ordinal="0" offset="1" sl="345" sc="9" el="345" ec="9" bec="0" bev="0" fileid="4" />
                <SequencePoint vc="1" uspid="1176" ordinal="0" offset="24" sl="346" sc="9" el="346" ec="9" bec="0" bev="0" fileid="4" />
                <SequencePoint vc="1" uspid="1177" ordinal="0" offset="70" sl="351" sc="9" el="351" ec="9" bec="0" bev="0" fileid="4" />
                <SequencePoint vc="1" uspid="1178" ordinal="0" offset="84" sl="353" sc="9" el="353" ec="9" bec="0" bev="0" fileid="4" />
                <SequencePoint vc="1" uspid="1179" ordinal="0" offset="96" sl="355" sc="9" el="355" ec="9" bec="0" bev="0" fileid="4" />
                <SequencePoint vc="1" uspid="1180" ordinal="0" offset="113" sl="356" sc="5" el="356" ec="5" bec="0" bev="0" fileid="4" />
              </SequencePoints>
              <BranchPoints />
            </Method>
            <Method visited="true" cyclomaticComplexity="0" nPathComplexity="0" sequenceCoverage="100.0" branchCoverage="0" crapScore="0" isConstructor="false" isStatic="false" isGetter="false" isSetter="false">
              <Summary numSequencePoints="9" visitedSequencePoints="9" numBranchPoints="0" visitedBranchPoints="0" sequenceCoverage="100.0" branchCoverage="0" maxCyclomaticComplexity="0" minCyclomaticComplexity="0" maxCrapScore="0" minCrapScore="0" visitedClasses="0" numClasses="0" visitedMethods="1" numMethods="1" />
              <MetadataToken>100663333</MetadataToken>
              <Name>System.Void GameFieldTests::GameOver_ShouldUpdateHighScore_WhenCurrentScoreIsHigher()</Name>
              <FileRef uid="4" />
              <SequencePoints>
                <SequencePoint vc="1" uspid="1181" ordinal="0" offset="0" sl="359" sc="75" el="359" ec="75" bec="0" bev="0" fileid="4" />
                <SequencePoint vc="1" uspid="1182" ordinal="0" offset="1" sl="363" sc="9" el="363" ec="9" bec="0" bev="0" fileid="4" />
                <SequencePoint vc="1" uspid="1183" ordinal="0" offset="24" sl="366" sc="9" el="366" ec="9" bec="0" bev="0" fileid="4" />
                <SequencePoint vc="1" uspid="1184" ordinal="0" offset="44" sl="369" sc="9" el="369" ec="9" bec="0" bev="0" fileid="4" />
                <SequencePoint vc="1" uspid="1185" ordinal="0" offset="66" sl="372" sc="9" el="372" ec="9" bec="0" bev="0" fileid="4" />
                <SequencePoint vc="1" uspid="1186" ordinal="0" offset="80" sl="376" sc="9" el="376" ec="9" bec="0" bev="0" fileid="4" />
                <SequencePoint vc="1" uspid="1187" ordinal="0" offset="92" sl="381" sc="9" el="381" ec="9" bec="0" bev="0" fileid="4" />
                <SequencePoint vc="1" uspid="1188" ordinal="0" offset="129" sl="384" sc="9" el="384" ec="9" bec="0" bev="0" fileid="4" />
                <SequencePoint vc="1" uspid="1189" ordinal="0" offset="166" sl="385" sc="5" el="385" ec="5" bec="0" bev="0" fileid="4" />
              </SequencePoints>
              <BranchPoints />
            </Method>
          </Methods>
        </Class>
        <Class>
          <Summary numSequencePoints="32" visitedSequencePoints="29" numBranchPoints="0" visitedBranchPoints="0" sequenceCoverage="90.62" branchCoverage="0.0" maxCyclomaticComplexity="0" minCyclomaticComplexity="0" maxCrapScore="0" minCrapScore="0" visitedClasses="1" numClasses="1" visitedMethods="6" numMethods="6" />
          <FullName>InputManagerTests</FullName>
          <Methods>
            <Method visited="true" cyclomaticComplexity="0" nPathComplexity="0" sequenceCoverage="100.0" branchCoverage="0" crapScore="0" isConstructor="false" isStatic="false" isGetter="false" isSetter="false">
              <Summary numSequencePoints="7" visitedSequencePoints="7" numBranchPoints="0" visitedBranchPoints="0" sequenceCoverage="100.0" branchCoverage="0" maxCyclomaticComplexity="0" minCyclomaticComplexity="0" maxCrapScore="0" minCrapScore="0" visitedClasses="0" numClasses="0" visitedMethods="1" numMethods="1" />
              <MetadataToken>100663335</MetadataToken>
              <Name>System.Void InputManagerTests::Setup()</Name>
              <FileRef uid="5" />
              <SequencePoints>
                <SequencePoint vc="4" uspid="1190" ordinal="0" offset="0" sl="12" sc="25" el="12" ec="25" bec="0" bev="0" fileid="5" />
                <SequencePoint vc="4" uspid="1191" ordinal="0" offset="1" sl="13" sc="9" el="13" ec="9" bec="0" bev="0" fileid="5" />
                <SequencePoint vc="4" uspid="1192" ordinal="0" offset="17" sl="14" sc="9" el="14" ec="9" bec="0" bev="0" fileid="5" />
                <SequencePoint vc="4" uspid="1193" ordinal="0" offset="34" sl="16" sc="9" el="16" ec="9" bec="0" bev="0" fileid="5" />
                <SequencePoint vc="4" uspid="1194" ordinal="0" offset="50" sl="17" sc="9" el="17" ec="9" bec="0" bev="0" fileid="5" />
                <SequencePoint vc="4" uspid="1195" ordinal="0" offset="67" sl="18" sc="9" el="18" ec="9" bec="0" bev="0" fileid="5" />
                <SequencePoint vc="4" uspid="1196" ordinal="0" offset="84" sl="19" sc="5" el="19" ec="5" bec="0" bev="0" fileid="5" />
              </SequencePoints>
              <BranchPoints />
            </Method>
            <Method visited="true" cyclomaticComplexity="0" nPathComplexity="0" sequenceCoverage="100.0" branchCoverage="0" crapScore="0" isConstructor="false" isStatic="false" isGetter="false" isSetter="false">
              <Summary numSequencePoints="4" visitedSequencePoints="4" numBranchPoints="0" visitedBranchPoints="0" sequenceCoverage="100.0" branchCoverage="0" maxCyclomaticComplexity="0" minCyclomaticComplexity="0" maxCrapScore="0" minCrapScore="0" visitedClasses="0" numClasses="0" visitedMethods="1" numMethods="1" />
              <MetadataToken>100663336</MetadataToken>
              <Name>System.Void InputManagerTests::Teardown()</Name>
              <FileRef uid="5" />
              <SequencePoints>
                <SequencePoint vc="4" uspid="1197" ordinal="0" offset="0" sl="22" sc="28" el="22" ec="28" bec="0" bev="0" fileid="5" />
                <SequencePoint vc="4" uspid="1198" ordinal="0" offset="1" sl="23" sc="9" el="23" ec="9" bec="0" bev="0" fileid="5" />
                <SequencePoint vc="4" uspid="1199" ordinal="0" offset="13" sl="24" sc="9" el="24" ec="9" bec="0" bev="0" fileid="5" />
                <SequencePoint vc="4" uspid="1200" ordinal="0" offset="25" sl="25" sc="5" el="25" ec="5" bec="0" bev="0" fileid="5" />
              </SequencePoints>
              <BranchPoints />
            </Method>
            <Method visited="true" cyclomaticComplexity="0" nPathComplexity="0" sequenceCoverage="100.0" branchCoverage="0" crapScore="0" isConstructor="false" isStatic="false" isGetter="false" isSetter="false">
              <Summary numSequencePoints="6" visitedSequencePoints="6" numBranchPoints="0" visitedBranchPoints="0" sequenceCoverage="100.0" branchCoverage="0" maxCyclomaticComplexity="0" minCyclomaticComplexity="0" maxCrapScore="0" minCrapScore="0" visitedClasses="0" numClasses="0" visitedMethods="1" numMethods="1" />
              <MetadataToken>100663337</MetadataToken>
              <Name>System.Void InputManagerTests::Update_ShouldCallInputHandlers()</Name>
              <FileRef uid="5" />
              <SequencePoints>
                <SequencePoint vc="1" uspid="1201" ordinal="0" offset="0" sl="28" sc="50" el="28" ec="50" bec="0" bev="0" fileid="5" />
                <SequencePoint vc="1" uspid="1202" ordinal="0" offset="1" sl="29" sc="9" el="29" ec="9" bec="0" bev="0" fileid="5" />
                <SequencePoint vc="1" uspid="1203" ordinal="0" offset="13" sl="31" sc="9" el="31" ec="9" bec="0" bev="0" fileid="5" />
                <SequencePoint vc="1" uspid="1204" ordinal="0" offset="40" sl="32" sc="9" el="32" ec="9" bec="0" bev="0" fileid="5" />
                <SequencePoint vc="1" uspid="1205" ordinal="0" offset="67" sl="33" sc="9" el="33" ec="9" bec="0" bev="0" fileid="5" />
                <SequencePoint vc="1" uspid="1206" ordinal="0" offset="94" sl="34" sc="5" el="34" ec="5" bec="0" bev="0" fileid="5" />
              </SequencePoints>
              <BranchPoints />
            </Method>
            <Method visited="true" cyclomaticComplexity="0" nPathComplexity="0" sequenceCoverage="80.00" branchCoverage="0" crapScore="0" isConstructor="false" isStatic="false" isGetter="false" isSetter="false">
              <Summary numSequencePoints="5" visitedSequencePoints="4" numBranchPoints="0" visitedBranchPoints="0" sequenceCoverage="80.00" branchCoverage="0" maxCyclomaticComplexity="0" minCyclomaticComplexity="0" maxCrapScore="0" minCrapScore="0" visitedClasses="0" numClasses="0" visitedMethods="1" numMethods="1" />
              <MetadataToken>100663338</MetadataToken>
              <Name>System.Void InputManagerTests::DetectSwipe_ShouldNotTrigger_WhenSwipeTooSmall()</Name>
              <FileRef uid="5" />
              <SequencePoints>
                <SequencePoint vc="1" uspid="1207" ordinal="0" offset="0" sl="37" sc="66" el="37" ec="66" bec="0" bev="0" fileid="5" />
                <SequencePoint vc="1" uspid="1208" ordinal="0" offset="1" sl="38" sc="9" el="38" ec="9" bec="0" bev="0" fileid="5" />
                <SequencePoint vc="1" uspid="1209" ordinal="0" offset="18" sl="39" sc="9" el="39" ec="9" bec="0" bev="0" fileid="5" />
                <SequencePoint vc="1" uspid="1210" ordinal="0" offset="31" sl="40" sc="9" el="40" ec="9" bec="0" bev="0" fileid="5" />
                <SequencePoint vc="0" uspid="1211" ordinal="0" offset="37" sl="41" sc="5" el="41" ec="5" bec="0" bev="0" fileid="5" />
              </SequencePoints>
              <BranchPoints />
            </Method>
            <Method visited="true" cyclomaticComplexity="0" nPathComplexity="0" sequenceCoverage="80.00" branchCoverage="0" crapScore="0" isConstructor="false" isStatic="false" isGetter="false" isSetter="false">
              <Summary numSequencePoints="5" visitedSequencePoints="4" numBranchPoints="0" visitedBranchPoints="0" sequenceCoverage="80.00" branchCoverage="0" maxCyclomaticComplexity="0" minCyclomaticComplexity="0" maxCrapScore="0" minCrapScore="0" visitedClasses="0" numClasses="0" visitedMethods="1" numMethods="1" />
              <MetadataToken>100663339</MetadataToken>
              <Name>System.Void InputManagerTests::DetectSwipe_ShouldDetectSwipeRight()</Name>
              <FileRef uid="5" />
              <SequencePoints>
                <SequencePoint vc="1" uspid="1212" ordinal="0" offset="0" sl="44" sc="54" el="44" ec="54" bec="0" bev="0" fileid="5" />
                <SequencePoint vc="1" uspid="1213" ordinal="0" offset="1" sl="45" sc="9" el="45" ec="9" bec="0" bev="0" fileid="5" />
                <SequencePoint vc="1" uspid="1214" ordinal="0" offset="18" sl="46" sc="9" el="46" ec="9" bec="0" bev="0" fileid="5" />
                <SequencePoint vc="1" uspid="1215" ordinal="0" offset="31" sl="47" sc="9" el="47" ec="9" bec="0" bev="0" fileid="5" />
                <SequencePoint vc="0" uspid="1216" ordinal="0" offset="37" sl="48" sc="5" el="48" ec="5" bec="0" bev="0" fileid="5" />
              </SequencePoints>
              <BranchPoints />
            </Method>
            <Method visited="true" cyclomaticComplexity="0" nPathComplexity="0" sequenceCoverage="80.00" branchCoverage="0" crapScore="0" isConstructor="false" isStatic="false" isGetter="false" isSetter="false">
              <Summary numSequencePoints="5" visitedSequencePoints="4" numBranchPoints="0" visitedBranchPoints="0" sequenceCoverage="80.00" branchCoverage="0" maxCyclomaticComplexity="0" minCyclomaticComplexity="0" maxCrapScore="0" minCrapScore="0" visitedClasses="0" numClasses="0" visitedMethods="1" numMethods="1" />
              <MetadataToken>100663340</MetadataToken>
              <Name>System.Void InputManagerTests::DetectSwipe_ShouldDetectSwipeUp()</Name>
              <FileRef uid="5" />
              <SequencePoints>
                <SequencePoint vc="1" uspid="1217" ordinal="0" offset="0" sl="51" sc="51" el="51" ec="51" bec="0" bev="0" fileid="5" />
                <SequencePoint vc="1" uspid="1218" ordinal="0" offset="1" sl="52" sc="9" el="52" ec="9" bec="0" bev="0" fileid="5" />
                <SequencePoint vc="1" uspid="1219" ordinal="0" offset="18" sl="53" sc="9" el="53" ec="9" bec="0" bev="0" fileid="5" />
                <SequencePoint vc="1" uspid="1220" ordinal="0" offset="31" sl="54" sc="9" el="54" ec="9" bec="0" bev="0" fileid="5" />
                <SequencePoint vc="0" uspid="1221" ordinal="0" offset="37" sl="55" sc="5" el="55" ec="5" bec="0" bev="0" fileid="5" />
              </SequencePoints>
              <BranchPoints />
            </Method>
          </Methods>
        </Class>
        <Class>
[...]
                <SequencePoint vc="0" uspid="1780" ordinal="0" offset="186" sl="107" sc="18" el="107" ec="18" bec="0" bev="0" fileid="10" />
                <SequencePoint vc="0" uspid="1781" ordinal="0" offset="187" sl="108" sc="17" el="108" ec="17" bec="0" bev="0" fileid="10" />
                <SequencePoint vc="0" uspid="1782" ordinal="0" offset="198" sl="109" sc="17" el="109" ec="17" bec="0" bev="0" fileid="10" />
                <SequencePoint vc="0" uspid="1783" ordinal="0" offset="215" sl="110" sc="13" el="110" ec="13" bec="0" bev="0" fileid="10" />
                <SequencePoint vc="1" uspid="1784" ordinal="0" offset="216" sl="111" sc="9" el="111" ec="9" bec="0" bev="0" fileid="10" />
                <SequencePoint vc="3" uspid="1785" ordinal="0" offset="217" sl="112" sc="5" el="112" ec="5" bec="0" bev="0" fileid="10" />
              </SequencePoints>
              <BranchPoints />
            </Method>
            <Method visited="true" cyclomaticComplexity="0" nPathComplexity="0" sequenceCoverage="100.0" branchCoverage="0" crapScore="0" isConstructor="true" isStatic="false" isGetter="false" isSetter="false">
              <Summary numSequencePoints="1" visitedSequencePoints="1" numBranchPoints="0" visitedBranchPoints="0" sequenceCoverage="100.0" branchCoverage="0" maxCyclomaticComplexity="0" minCyclomaticComplexity="0" maxCrapScore="0" minCrapScore="0" visitedClasses="0" numClasses="0" visitedMethods="1" numMethods="1" />
              <MetadataToken>100663340</MetadataToken>
              <Name>InputManager::InputManager()</Name>
              <FileRef uid="10" />
              <SequencePoints>
                <SequencePoint vc="5" uspid="1786" ordinal="0" offset="0" sl="8" sc="5" el="8" ec="5" bec="0" bev="0" fileid="10" />
              </SequencePoints>
              <BranchPoints />
            </Method>
          </Methods>
        </Class>
        <Class>
          <Summary numSequencePoints="12" visitedSequencePoints="12" numBranchPoints="0" visitedBranchPoints="0" sequenceCoverage="100.0" branchCoverage="0.0" maxCyclomaticComplexity="0" minCyclomaticComplexity="0" maxCrapScore="0" minCrapScore="0" visitedClasses="1" numClasses="1" visitedMethods="4" numMethods="4" />
          <FullName>TestInputManager</FullName>
          <Methods>
            <Method visited="true" cyclomaticComplexity="0" nPathComplexity="0" sequenceCoverage="100.0" branchCoverage="0" crapScore="0" isConstructor="false" isStatic="false" isGetter="false" isSetter="false">
              <Summary numSequencePoints="3" visitedSequencePoints="3" numBranchPoints="0" visitedBranchPoints="0" sequenceCoverage="100.0" branchCoverage="0" maxCyclomaticComplexity="0" minCyclomaticComplexity="0" maxCrapScore="0" minCrapScore="0" visitedClasses="0" numClasses="0" visitedMethods="1" numMethods="1" />
              <MetadataToken>100663341</MetadataToken>
              <Name>System.Void TestInputManager::HandleKeyboardInput()</Name>
              <FileRef uid="11" />
              <SequencePoints>
                <SequencePoint vc="1" uspid="1787" ordinal="0" offset="0" sl="11" sc="5" el="11" ec="5" bec="0" bev="0" fileid="11" />
                <SequencePoint vc="1" uspid="1788" ordinal="0" offset="1" sl="12" sc="9" el="12" ec="9" bec="0" bev="0" fileid="11" />
                <SequencePoint vc="1" uspid="1789" ordinal="0" offset="8" sl="13" sc="5" el="13" ec="5" bec="0" bev="0" fileid="11" />
              </SequencePoints>
              <BranchPoints />
            </Method>
            <Method visited="true" cyclomaticComplexity="0" nPathComplexity="0" sequenceCoverage="100.0" branchCoverage="0" crapScore="0" isConstructor="false" isStatic="false" isGetter="false" isSetter="false">
              <Summary numSequencePoints="3" visitedSequencePoints="3" numBranchPoints="0" visitedBranchPoints="0" sequenceCoverage="100.0" branchCoverage="0" maxCyclomaticComplexity="0" minCyclomaticComplexity="0" maxCrapScore="0" minCrapScore="0" visitedClasses="0" numClasses="0" visitedMethods="1" numMethods="1" />
              <MetadataToken>100663342</MetadataToken>
              <Name>System.Void TestInputManager::HandleMouseSwipe()</Name>
              <FileRef uid="11" />
              <SequencePoints>
                <SequencePoint vc="1" uspid="1790" ordinal="0" offset="0" sl="16" sc="5" el="16" ec="5" bec="0" bev="0" fileid="11" />
                <SequencePoint vc="1" uspid="1791" ordinal="0" offset="1" sl="17" sc="9" el="17" ec="9" bec="0" bev="0" fileid="11" />
                <SequencePoint vc="1" uspid="1792" ordinal="0" offset="8" sl="18" sc="5" el="18" ec="5" bec="0" bev="0" fileid="11" />
              </SequencePoints>
              <BranchPoints />
            </Method>
            <Method visited="true" cyclomaticComplexity="0" nPathComplexity="0" sequenceCoverage="100.0" branchCoverage="0" crapScore="0" isConstructor="false" isStatic="false" isGetter="false" isSetter="false">
              <Summary numSequencePoints="3" visitedSequencePoints="3" numBranchPoints="0" visitedBranchPoints="0" sequenceCoverage="100.0" branchCoverage="0" maxCyclomaticComplexity="0" minCyclomaticComplexity="0" maxCrapScore="0" minCrapScore="0" visitedClasses="0" numClasses="0" visitedMethods="1" numMethods="1" />
              <MetadataToken>100663343</MetadataToken>
              <Name>System.Void TestInputManager::HandleTouchSwipe()</Name>
              <FileRef uid="11" />
              <SequencePoints>
                <SequencePoint vc="1" uspid="1793" ordinal="0" offset="0" sl="21" sc="5" el="21" ec="5" bec="0" bev="0" fileid="11" />
                <SequencePoint vc="1" uspid="1794" ordinal="0" offset="1" sl="22" sc="9" el="22" ec="9" bec="0" bev="0" fileid="11" />
                <SequencePoint vc="1" uspid="1795" ordinal="0" offset="8" sl="23" sc="5" el="23" ec="5" bec="0" bev="0" fileid="11" />
              </SequencePoints>
              <BranchPoints />
            </Method>
            <Method visited="true" cyclomaticComplexity="0" nPathComplexity="0" sequenceCoverage="100.0" branchCoverage="0" crapScore="0" isConstructor="true" isStatic="false" isGetter="false" isSetter="false">
              <Summary numSequencePoints="3" visitedSequencePoints="3" numBranchPoints="0" visitedBranchPoints="0" sequenceCoverage="100.0" branchCoverage="0" maxCyclomaticComplexity="0" minCyclomaticComplexity="0" maxCrapScore="0" minCrapScore="0" visitedClasses="0" numClasses="0" visitedMethods="1" numMethods="1" />
              <MetadataToken>100663344</MetadataToken>
              <Name>TestInputManager::TestInputManager()</Name>
              <FileRef uid="11" />
              <SequencePoints>
                <SequencePoint vc="4" uspid="1796" ordinal="0" offset="0" sl="6" sc="5" el="6" ec="5" bec="0" bev="0" fileid="11" />
                <SequencePoint vc="4" uspid="1797" ordinal="0" offset="7" sl="7" sc="5" el="7" ec="5" bec="0" bev="0" fileid="11" />
                <SequencePoint vc="4" uspid="1798" ordinal="0" offset="14" sl="8" sc="5" el="8" ec="5" bec="0" bev="0" fileid="11" />
              </SequencePoints>
              <BranchPoints />
            </Method>
          </Methods>
        </Class>
        <Class>
          <Summary numSequencePoints="1" visitedSequencePoints="1" numBranchPoints="0" visitedBranchPoints="0" sequenceCoverage="100.0" branchCoverage="0.0" maxCyclomaticComplexity="0" minCyclomaticComplexity="0" maxCrapScore="0" minCrapScore="0" visitedClasses="1" numClasses="1" visitedMethods="1" numMethods="1" />
          <FullName>GameField/&lt;&gt;c__DisplayClass11_1</FullName>
          <Methods>
            <Method visited="true" cyclomaticComplexity="0" nPathComplexity="0" sequenceCoverage="100.0" branchCoverage="0" crapScore="0" isConstructor="false" isStatic="false" isGetter="false" isSetter="false">
              <Summary numSequencePoints="1" visitedSequencePoints="1" numBranchPoints="0" visitedBranchPoints="0" sequenceCoverage="100.0" branchCoverage="0" maxCyclomaticComplexity="0" minCyclomaticComplexity="0" maxCrapScore="0" minCrapScore="0" visitedClasses="0" numClasses="0" visitedMethods="1" numMethods="1" />
              <MetadataToken>100663357</MetadataToken>
              <Name>System.Boolean GameField/&lt;&gt;c__DisplayClass11_1::&lt;GetEmptyPosition&gt;b__0(Cell)</Name>
              <FileRef uid="9" />
              <SequencePoints>
                <SequencePoint vc="355" uspid="1803" ordinal="0" offset="0" sl="32" sc="40" el="32" ec="40" bec="0" bev="0" fileid="9" />
              </SequencePoints>
              <BranchPoints />
            </Method>
          </Methods>
        </Class>
        <Class>
          <Summary numSequencePoints="1" visitedSequencePoints="1" numBranchPoints="0" visitedBranchPoints="0" sequenceCoverage="100.0" branchCoverage="0.0" maxCyclomaticComplexity="0" minCyclomaticComplexity="0" maxCrapScore="0" minCrapScore="0" visitedClasses="1" numClasses="1" visitedMethods="1" numMethods="1" />
          <FullName>GameField/&lt;&gt;c__DisplayClass16_0</FullName>
          <Methods>
            <Method visited="true" cyclomaticComplexity="0" nPathComplexity="0" sequenceCoverage="100.0" branchCoverage="0" crapScore="0" isConstructor="false" isStatic="false" isGetter="false" isSetter="false">
              <Summary numSequencePoints="1" visitedSequencePoints="1" numBranchPoints="0" visitedBranchPoints="0" sequenceCoverage="100.0" branchCoverage="0" maxCyclomaticComplexity="0" minCyclomaticComplexity="0" maxCrapScore="0" minCrapScore="0" visitedClasses="0" numClasses="0" visitedMethods="1" numMethods="1" />
              <MetadataToken>100663359</MetadataToken>
              <Name>System.Boolean GameField/&lt;&gt;c__DisplayClass16_0::&lt;MoveCellsLeft&gt;b__0(Cell)</Name>
              <FileRef uid="9" />
              <SequencePoints>
                <SequencePoint vc="4" uspid="1804" ordinal="0" offset="0" sl="128" sc="54" el="128" ec="54" bec="0" bev="0" fileid="9" />
              </SequencePoints>
              <BranchPoints />
            </Method>
          </Methods>
        </Class>
        <Class>
          <Summary numSequencePoints="1" visitedSequencePoints="1" numBranchPoints="0" visitedBranchPoints="0" sequenceCoverage="100.0" branchCoverage="0.0" maxCyclomaticComplexity="0" minCyclomaticComplexity="0" maxCrapScore="0" minCrapScore="0" visitedClasses="1" numClasses="1" visitedMethods="1" numMethods="1" />
          <FullName>GameField/&lt;&gt;c__DisplayClass17_0</FullName>
          <Methods>
            <Method visited="true" cyclomaticComplexity="0" nPathComplexity="0" sequenceCoverage="100.0" branchCoverage="0" crapScore="0" isConstructor="false" isStatic="false" isGetter="false" isSetter="false">
              <Summary numSequencePoints="1" visitedSequencePoints="1" numBranchPoints="0" visitedBranchPoints="0" sequenceCoverage="100.0" branchCoverage="0" maxCyclomaticComplexity="0" minCyclomaticComplexity="0" maxCrapScore="0" minCrapScore="0" visitedClasses="0" numClasses="0" visitedMethods="1" numMethods="1" />
              <MetadataToken>100663361</MetadataToken>
              <Name>System.Boolean GameField/&lt;&gt;c__DisplayClass17_0::&lt;MoveCellsRight&gt;b__0(Cell)</Name>
              <FileRef uid="9" />
              <SequencePoints>
                <SequencePoint vc="4" uspid="1805" ordinal="0" offset="0" sl="164" sc="54" el="164" ec="54" bec="0" bev="0" fileid="9" />
              </SequencePoints>
              <BranchPoints />
            </Method>
          </Methods>
        </Class>
        <Class>
          <Summary numSequencePoints="1" visitedSequencePoints="1" numBranchPoints="0" visitedBranchPoints="0" sequenceCoverage="100.0" branchCoverage="0.0" maxCyclomaticComplexity="0" minCyclomaticComplexity="0" maxCrapScore="0" minCrapScore="0" visitedClasses="1" numClasses="1" visitedMethods="1" numMethods="1" />
          <FullName>GameField/&lt;&gt;c__DisplayClass18_0</FullName>
          <Methods>
            <Method visited="true" cyclomaticComplexity="0" nPathComplexity="0" sequenceCoverage="100.0" branchCoverage="0" crapScore="0" isConstructor="false" isStatic="false" isGetter="false" isSetter="false">
              <Summary numSequencePoints="1" visitedSequencePoints="1" numBranchPoints="0" visitedBranchPoints="0" sequenceCoverage="100.0" branchCoverage="0" maxCyclomaticComplexity="0" minCyclomaticComplexity="0" maxCrapScore="0" minCrapScore="0" visitedClasses="0" numClasses="0" visitedMethods="1" numMethods="1" />
              <MetadataToken>100663363</MetadataToken>
              <Name>System.Boolean GameField/&lt;&gt;c__DisplayClass18_0::&lt;MoveCellsUp&gt;b__0(Cell)</Name>
              <FileRef uid="9" />
              <SequencePoints>
                <SequencePoint vc="4" uspid="1806" ordinal="0" offset="0" sl="202" sc="54" el="202" ec="54" bec="0" bev="0" fileid="9" />
              </SequencePoints>
              <BranchPoints />
            </Method>
          </Methods>
        </Class>
        <Class>
          <Summary numSequencePoints="1" visitedSequencePoints="1" numBranchPoints="0" visitedBranchPoints="0" sequenceCoverage="100.0" branchCoverage="0.0" maxCyclomaticComplexity="0" minCyclomaticComplexity="0" maxCrapScore="0" minCrapScore="0" visitedClasses="1" numClasses="1" visitedMethods="1" numMethods="1" />
          <FullName>GameField/&lt;&gt;c__DisplayClass19_0</FullName>
          <Methods>
            <Method visited="true" cyclomaticComplexity="0" nPathComplexity="0" sequenceCoverage="100.0" branchCoverage="0" crapScore="0" isConstructor="false" isStatic="false" isGetter="false" isSetter="false">
              <Summary numSequencePoints="1" visitedSequencePoints="1" numBranchPoints="0" visitedBranchPoints="0" sequenceCoverage="100.0" branchCoverage="0" maxCyclomaticComplexity="0" minCyclomaticComplexity="0" maxCrapScore="0" minCrapScore="0" visitedClasses="0" numClasses="0" visitedMethods="1" numMethods="1" />
              <MetadataToken>100663365</MetadataToken>
              <Name>System.Boolean GameField/&lt;&gt;c__DisplayClass19_0::&lt;MoveCellsDown&gt;b__0(Cell)</Name>
              <FileRef uid="9" />
              <SequencePoints>
                <SequencePoint vc="4" uspid="1807" ordinal="0" offset="0" sl="238" sc="54" el="238" ec="54" bec="0" bev="0" fileid="9" />
              </SequencePoints>
              <BranchPoints />
            </Method>
          </Methods>
        </Class>
        <Class>
          <Summary numSequencePoints="5" visitedSequencePoints="5" numBranchPoints="0" visitedBranchPoints="0" sequenceCoverage="100.0" branchCoverage="0.0" maxCyclomaticComplexity="0" minCyclomaticComplexity="0" maxCrapScore="0" minCrapScore="0" visitedClasses="1" numClasses="1" visitedMethods="5" numMethods="5" />
          <FullName>GameField/&lt;&gt;c__DisplayClass26_1</FullName>
          <Methods>
            <Method visited="true" cyclomaticComplexity="0" nPathComplexity="0" sequenceCoverage="100.0" branchCoverage="0" crapScore="0" isConstructor="false" isStatic="false" isGetter="false" isSetter="false">
              <Summary numSequencePoints="1" visitedSequencePoints="1" numBranchPoints="0" visitedBranchPoints="0" sequenceCoverage="100.0" branchCoverage="0" maxCyclomaticComplexity="0" minCyclomaticComplexity="0" maxCrapScore="0" minCrapScore="0" visitedClasses="0" numClasses="0" visitedMethods="1" numMethods="1" />
              <MetadataToken>100663368</MetadataToken>
              <Name>System.Boolean GameField/&lt;&gt;c__DisplayClass26_1::&lt;IsGameOver&gt;b__0(Cell)</Name>
              <FileRef uid="9" />
              <SequencePoints>
                <SequencePoint vc="136" uspid="1808" ordinal="0" offset="0" sl="383" sc="48" el="383" ec="48" bec="0" bev="0" fileid="9" />
              </SequencePoints>
              <BranchPoints />
            </Method>
            <Method visited="true" cyclomaticComplexity="0" nPathComplexity="0" sequenceCoverage="100.0" branchCoverage="0" crapScore="0" isConstructor="false" isStatic="false" isGetter="false" isSetter="false">
              <Summary numSequencePoints="1" visitedSequencePoints="1" numBranchPoints="0" visitedBranchPoints="0" sequenceCoverage="100.0" branchCoverage="0" maxCyclomaticComplexity="0" minCyclomaticComplexity="0" maxCrapScore="0" minCrapScore="0" visitedClasses="0" numClasses="0" visitedMethods="1" numMethods="1" />
              <MetadataToken>100663369</MetadataToken>
              <Name>System.Boolean GameField/&lt;&gt;c__DisplayClass26_1::&lt;IsGameOver&gt;b__1(Cell)</Name>
              <FileRef uid="9" />
              <SequencePoints>
                <SequencePoint vc="190" uspid="1809" ordinal="0" offset="0" sl="386" sc="46" el="386" ec="46" bec="0" bev="0" fileid="9" />
              </SequencePoints>
              <BranchPoints />
            </Method>
            <Method visited="true" cyclomaticComplexity="0" nPathComplexity="0" sequenceCoverage="100.0" branchCoverage="0" crapScore="0" isConstructor="false" isStatic="false" isGetter="false" isSetter="false">
              <Summary numSequencePoints="1" visitedSequencePoints="1" numBranchPoints="0" visitedBranchPoints="0" sequenceCoverage="100.0" branchCoverage="0" maxCyclomaticComplexity="0" minCyclomaticComplexity="0" maxCrapScore="0" minCrapScore="0" visitedClasses="0" numClasses="0" visitedMethods="1" numMethods="1" />
              <MetadataToken>100663370</MetadataToken>
              <Name>System.Boolean GameField/&lt;&gt;c__DisplayClass26_1::&lt;IsGameOver&gt;b__2(Cell)</Name>
              <FileRef uid="9" />
              <SequencePoints>
                <SequencePoint vc="172" uspid="1810" ordinal="0" offset="0" sl="387" sc="45" el="387" ec="45" bec="0" bev="0" fileid="9" />
              </SequencePoints>
              <BranchPoints />
            </Method>
            <Method visited="true" cyclomaticComplexity="0" nPathComplexity="0" sequenceCoverage="100.0" branchCoverage="0" crapScore="0" isConstructor="false" isStatic="false" isGetter="false" isSetter="false">
              <Summary numSequencePoints="1" visitedSequencePoints="1" numBranchPoints="0" visitedBranchPoints="0" sequenceCoverage="100.0" branchCoverage="0" maxCyclomaticComplexity="0" minCyclomaticComplexity="0" maxCrapScore="0" minCrapScore="0" visitedClasses="0" numClasses="0" visitedMethods="1" numMethods="1" />
              <MetadataToken>100663371</MetadataToken>
              <Name>System.Boolean GameField/&lt;&gt;c__DisplayClass26_1::&lt;IsGameOver&gt;b__3(Cell)</Name>
              <FileRef uid="9" />
              <SequencePoints>
                <SequencePoint vc="142" uspid="1811" ordinal="0" offset="0" sl="388" sc="45" el="388" ec="45" bec="0" bev="0" fileid="9" />
              </SequencePoints>
              <BranchPoints />
            </Method>
            <Method visited="true" cyclomaticComplexity="0" nPathComplexity="0" sequenceCoverage="100.0" branchCoverage="0" crapScore="0" isConstructor="false" isStatic="false" isGetter="false" isSetter="false">
              <Summary numSequencePoints="1" visitedSequencePoints="1" numBranchPoints="0" visitedBranchPoints="0" sequenceCoverage="100.0" branchCoverage="0" maxCyclomaticComplexity="0" minCyclomaticComplexity="0" maxCrapScore="0" minCrapScore="0" visitedClasses="0" numClasses="0" visitedMethods="1" numMethods="1" />
              <MetadataToken>100663372</MetadataToken>
              <Name>System.Boolean GameField/&lt;&gt;c__DisplayClass26_1::&lt;IsGameOver&gt;b__4(Cell)</Name>
              <FileRef uid="9" />
              <SequencePoints>
                <SequencePoint vc="160" uspid="1812" ordinal="0" offset="0" sl="389" sc="43" el="389" ec="43" bec="0" bev="0" fileid="9" />
              </SequencePoints>
              <BranchPoints />
            </Method>
          </Methods>
        </Class>
      </Classes>
    </Module>
  </Modules>
</CoverageSession>