<?xml version="1.0" encoding="utf-8"?>
<CoverageSession xmlns:xsd="http://www.w3.org/2001/XMLSchema" xmlns:xsi="http://www.w3.org/2001/XMLSchema-instance" Version="0.0.0.0">
  <Summary numSequencePoints="109" visitedSequencePoints="79" numBranchPoints="0" visitedBranchPoints="0" sequenceCoverage="72.48" branchCoverage="0.0" maxCyclomaticComplexity="0" minCyclomaticComplexity="0" maxCrapScore="0" minCrapScore="0" visitedClasses="4" numClasses="4" visitedMethods="10" numMethods="10" />
  <Modules>
    <Module>
      <Summary numSequencePoints="109" visitedSequencePoints="79" numBranchPoints="0" visitedBranchPoints="0" sequenceCoverage="72.48" branchCoverage="0.0" maxCyclomaticComplexity="0" minCyclomaticComplexity="0" maxCrapScore="0" minCrapScore="0" visitedClasses="4" numClasses="4" visitedMethods="10" numMethods="10" />
      <ModuleTime>0001-01-01T00:00:00</ModuleTime>
      <ModuleName>Game</ModuleName>
      <Files>
        <File uid="6" fullPath="/Users/64com/2048/Assets/AdaptiveFontSize.cs" />
        <File uid="7" fullPath="/Users/64com/2048/Assets/Cell.cs" />
        <File uid="8" fullPath="/Users/64com/2048/Assets/CellView.cs" />
        <File uid="9" fullPath="/Users/64com/2048/Assets/GameField.cs" />
        <File uid="10" fullPath="/Users/64com/2048/Assets/InputManager.cs" />
        <File uid="11" fullPath="/Users/64com/2048/Assets/RuntimeHelpers/TestInputManager.cs" />
      </Files>
      <Classes>
        <Class>
          <Summary numSequencePoints="9" visitedSequencePoints="6" numBranchPoints="0" visitedBranchPoints="0" sequenceCoverage="66.67" branchCoverage="0.0" maxCyclomaticComplexity="0" minCyclomaticComplexity="0" maxCrapScore="0" minCrapScore="0" visitedClasses="1" numClasses="1" visitedMethods="2" numMethods="2" />
          <FullName>AdaptiveFontSize</FullName>
          <Methods>
            <Method visited="true" cyclomaticComplexity="0" nPathComplexity="0" sequenceCoverage="50.00" branchCoverage="0" crapScore="0" isConstructor="false" isStatic="false" isGetter="false" isSetter="false">
              <Summary numSequencePoints="6" visitedSequencePoints="3" numBranchPoints="0" visitedBranchPoints="0" sequenceCoverage="50.00" branchCoverage="0" maxCyclomaticComplexity="0" minCyclomaticComplexity="0" maxCrapScore="0" minCrapScore="0" visitedClasses="0" numClasses="0" visitedMethods="1" numMethods="1" />
              <MetadataToken>100663297</MetadataToken>
              <Name>System.Void AdaptiveFontSize::Start()</Name>
              <FileRef uid="6" />
              <SequencePoints>
                <SequencePoint vc="6" uspid="1230" ordinal="0" offset="0" sl="10" sc="25" el="10" ec="25" bec="0" bev="0" fileid="6" />
                <SequencePoint vc="6" uspid="1231" ordinal="0" offset="1" sl="11" sc="9" el="11" ec="9" bec="0" bev="0" fileid="6" />
                <SequencePoint vc="0" uspid="1232" ordinal="0" offset="17" sl="11" sc="34" el="11" ec="34" bec="0" bev="0" fileid="6" />
                <SequencePoint vc="0" uspid="1233" ordinal="0" offset="18" sl="12" sc="13" el="12" ec="13" bec="0" bev="0" fileid="6" />
                <SequencePoint vc="0" uspid="1234" ordinal="0" offset="30" sl="13" sc="9" el="13" ec="9" bec="0" bev="0" fileid="6" />
                <SequencePoint vc="6" uspid="1235" ordinal="0" offset="31" sl="14" sc="5" el="14" ec="5" bec="0" bev="0" fileid="6" />
              </SequencePoints>
              <BranchPoints />
            </Method>
            <Method visited="true" cyclomaticComplexity="0" nPathComplexity="0" sequenceCoverage="100.0" branchCoverage="0" crapScore="0" isConstructor="true" isStatic="false" isGetter="false" isSetter="false">
              <Summary numSequencePoints="3" visitedSequencePoints="3" numBranchPoints="0" visitedBranchPoints="0" sequenceCoverage="100.0" branchCoverage="0" maxCyclomaticComplexity="0" minCyclomaticComplexity="0" maxCrapScore="0" minCrapScore="0" visitedClasses="0" numClasses="0" visitedMethods="1" numMethods="1" />
              <MetadataToken>100663299</MetadataToken>
              <Name>AdaptiveFontSize::AdaptiveFontSize()</Name>
              <FileRef uid="6" />
              <SequencePoints>
                <SequencePoint vc="6" uspid="1244" ordinal="0" offset="0" sl="6" sc="5" el="6" ec="5" bec="0" bev="0" fileid="6" />
                <SequencePoint vc="6" uspid="1245" ordinal="0" offset="11" sl="7" sc="5" el="7" ec="5" bec="0" bev="0" fileid="6" />
                <SequencePoint vc="6" uspid="1246" ordinal="0" offset="22" sl="8" sc="5" el="8" ec="5" bec="0" bev="0" fileid="6" />
              </SequencePoints>
              <BranchPoints />
            </Method>
          </Methods>
        </Class>
        <Class>
          <Summary numSequencePoints="2" visitedSequencePoints="2" numBranchPoints="0" visitedBranchPoints="0" sequenceCoverage="100.0" branchCoverage="0.0" maxCyclomaticComplexity="0" minCyclomaticComplexity="0" maxCrapScore="0" minCrapScore="0" visitedClasses="1" numClasses="1" visitedMethods="1" numMethods="1" />
          <FullName>CellView</FullName>
          <Methods>
            <Method visited="true" cyclomaticComplexity="0" nPathComplexity="0" sequenceCoverage="100.0" branchCoverage="0" crapScore="0" isConstructor="true" isStatic="false" isGetter="false" isSetter="false">
              <Summary numSequencePoints="2" visitedSequencePoints="2" numBranchPoints="0" visitedBranchPoints="0" sequenceCoverage="100.0" branchCoverage="0" maxCyclomaticComplexity="0" minCyclomaticComplexity="0" maxCrapScore="0" minCrapScore="0" visitedClasses="0" numClasses="0" visitedMethods="1" numMethods="1" />
              <MetadataToken>100663314</MetadataToken>
              <Name>CellView::CellView()</Name>
              <FileRef uid="8" />
              <SequencePoints>
                <SequencePoint vc="6" uspid="1287" ordinal="0" offset="0" sl="12" sc="5" el="12" ec="5" bec="0" bev="0" fileid="8" />
                <SequencePoint vc="6" uspid="1288" ordinal="0" offset="11" sl="13" sc="5" el="13" ec="5" bec="0" bev="0" fileid="8" />
              </SequencePoints>
              <BranchPoints />
            </Method>
          </Methods>
        </Class>
        <Class>
          <Summary numSequencePoints="5" visitedSequencePoints="5" numBranchPoints="0" visitedBranchPoints="0" sequenceCoverage="100.0" branchCoverage="0.0" maxCyclomaticComplexity="0" minCyclomaticComplexity="0" maxCrapScore="0" minCrapScore="0" visitedClasses="1" numClasses="1" visitedMethods="1" numMethods="1" />
          <FullName>GameField</FullName>
          <Methods>
            <Method visited="true" cyclomaticComplexity="0" nPathComplexity="0" sequenceCoverage="100.0" branchCoverage="0" crapScore="0" isConstructor="true" isStatic="false" isGetter="false" isSetter="false">
              <Summary numSequencePoints="5" visitedSequencePoints="5" numBranchPoints="0" visitedBranchPoints="0" sequenceCoverage="100.0" branchCoverage="0" maxCyclomaticComplexity="0" minCyclomaticComplexity="0" maxCrapScore="0" minCrapScore="0" visitedClasses="0" numClasses="0" visitedMethods="1" numMethods="1" />
              <MetadataToken>100663334</MetadataToken>
              <Name>GameField::GameField()</Name>
              <FileRef uid="9" />
              <SequencePoints>
                <SequencePoint vc="6" uspid="1689" ordinal="0" offset="0" sl="8" sc="5" el="8" ec="5" bec="0" bev="0" fileid="9" />
                <SequencePoint vc="6" uspid="1690" ordinal="0" offset="7" sl="16" sc="5" el="16" ec="5" bec="0" bev="0" fileid="9" />
                <SequencePoint vc="6" uspid="1691" ordinal="0" offset="18" sl="17" sc="5" el="17" ec="5" bec="0" bev="0" fileid="9" />
                <SequencePoint vc="6" uspid="1692" ordinal="0" offset="29" sl="19" sc="5" el="19" ec="5" bec="0" bev="0" fileid="9" />
                <SequencePoint vc="6" uspid="1693" ordinal="0" offset="36" sl="20" sc="5" el="20" ec="5" bec="0" bev="0" fileid="9" />
              </SequencePoints>
              <BranchPoints />
            </Method>
          </Methods>
        </Class>
        <Class>
          <Summary numSequencePoints="93" visitedSequencePoints="66" numBranchPoints="0" visitedBranchPoints="0" sequenceCoverage="70.97" branchCoverage="0.0" maxCyclomaticComplexity="0" minCyclomaticComplexity="0" maxCrapScore="0" minCrapScore="0" visitedClasses="1" numClasses="1" visitedMethods="6" numMethods="6" />
          <FullName>InputManager</FullName>
          <Methods>
            <Method visited="true" cyclomaticComplexity="0" nPathComplexity="0" sequenceCoverage="100.0" branchCoverage="0" crapScore="0" isConstructor="false" isStatic="false" isGetter="false" isSetter="false">
              <Summary numSequencePoints="5" visitedSequencePoints="5" numBranchPoints="0" visitedBranchPoints="0" sequenceCoverage="100.0" branchCoverage="0" maxCyclomaticComplexity="0" minCyclomaticComplexity="0" maxCrapScore="0" minCrapScore="0" visitedClasses="0" numClasses="0" visitedMethods="1" numMethods="1" />
              <MetadataToken>100663335</MetadataToken>
              <Name>System.Void InputManager::Update()</Name>
              <FileRef uid="10" />
              <SequencePoints>
                <SequencePoint vc="20" uspid="1694" ordinal="0" offset="0" sl="10" sc="26" el="10" ec="26" bec="0" bev="0" fileid="10" />
                <SequencePoint vc="20" uspid="1695" ordinal="0" offset="1" sl="11" sc="9" el="11" ec="9" bec="0" bev="0" fileid="10" />
                <SequencePoint vc="20" uspid="1696" ordinal="0" offset="8" sl="12" sc="9" el="12" ec="9" bec="0" bev="0" fileid="10" />
                <SequencePoint vc="20" uspid="1697" ordinal="0" offset="15" sl="13" sc="9" el="13" ec="9" bec="0" bev="0" fileid="10" />
                <SequencePoint vc="20" uspid="1698" ordinal="0" offset="22" sl="14" sc="5" el="14" ec="5" bec="0" bev="0" fileid="10" />
              </SequencePoints>
              <BranchPoints />
            </Method>
            <Method visited="true" cyclomaticComplexity="0" nPathComplexity="0" sequenceCoverage="100.0" branchCoverage="0" crapScore="0" isConstructor="false" isStatic="false" isGetter="false" isSetter="false">
              <Summary numSequencePoints="24" visitedSequencePoints="24" numBranchPoints="0" visitedBranchPoints="0" sequenceCoverage="100.0" branchCoverage="0" maxCyclomaticComplexity="0" minCyclomaticComplexity="0" maxCrapScore="0" minCrapScore="0" visitedClasses="0" numClasses="0" visitedMethods="1" numMethods="1" />
              <MetadataToken>100663336</MetadataToken>
              <Name>System.Void InputManager::HandleKeyboardInput()</Name>
              <FileRef uid="10" />
              <SequencePoints>
                <SequencePoint vc="20" uspid="1699" ordinal="0" offset="0" sl="19" sc="50" el="19" ec="50" bec="0" bev="0" fileid="10" />
                <SequencePoint vc="20" uspid="1700" ordinal="0" offset="1" sl="20" sc="9" el="20" ec="9" bec="0" bev="0" fileid="10" />
                <SequencePoint vc="16" uspid="1701" ordinal="0" offset="27" sl="20" sc="60" el="20" ec="60" bec="0" bev="0" fileid="10" />
                <SequencePoint vc="4" uspid="1702" ordinal="0" offset="32" sl="22" sc="9" el="22" ec="9" bec="0" bev="0" fileid="10" />
                <SequencePoint vc="1" uspid="1703" ordinal="0" offset="71" sl="22" sc="107" el="22" ec="107" bec="0" bev="0" fileid="10" />
                <SequencePoint vc="1" uspid="1704" ordinal="0" offset="72" sl="23" sc="13" el="23" ec="13" bec="0" bev="0" fileid="10" />
                <SequencePoint vc="1" uspid="1705" ordinal="0" offset="83" sl="24" sc="13" el="24" ec="13" bec="0" bev="0" fileid="10" />
                <SequencePoint vc="1" uspid="1706" ordinal="0" offset="100" sl="25" sc="9" el="25" ec="9" bec="0" bev="0" fileid="10" />
                <SequencePoint vc="3" uspid="1707" ordinal="0" offset="106" sl="26" sc="14" el="26" ec="14" bec="0" bev="0" fileid="10" />
                <SequencePoint vc="1" uspid="1708" ordinal="0" offset="145" sl="26" sc="114" el="26" ec="114" bec="0" bev="0" fileid="10" />
                <SequencePoint vc="1" uspid="1709" ordinal="0" offset="146" sl="27" sc="13" el="27" ec="13" bec="0" bev="0" fileid="10" />
                <SequencePoint vc="1" uspid="1710" ordinal="0" offset="157" sl="28" sc="13" el="28" ec="13" bec="0" bev="0" fileid="10" />
                <SequencePoint vc="1" uspid="1711" ordinal="0" offset="174" sl="29" sc="9" el="29" ec="9" bec="0" bev="0" fileid="10" />
                <SequencePoint vc="2" uspid="1712" ordinal="0" offset="180" sl="30" sc="14" el="30" ec="14" bec="0" bev="0" fileid="10" />
                <SequencePoint vc="1" uspid="1713" ordinal="0" offset="219" sl="30" sc="114" el="30" ec="114" bec="0" bev="0" fileid="10" />
                <SequencePoint vc="1" uspid="1714" ordinal="0" offset="220" sl="31" sc="13" el="31" ec="13" bec="0" bev="0" fileid="10" />
                <SequencePoint vc="1" uspid="1715" ordinal="0" offset="231" sl="32" sc="13" el="32" ec="13" bec="0" bev="0" fileid="10" />
                <SequencePoint vc="1" uspid="1716" ordinal="0" offset="248" sl="33" sc="9" el="33" ec="9" bec="0" bev="0" fileid="10" />
                <SequencePoint vc="1" uspid="1717" ordinal="0" offset="251" sl="34" sc="14" el="34" ec="14" bec="0" bev="0" fileid="10" />
                <SequencePoint vc="1" uspid="1718" ordinal="0" offset="292" sl="34" sc="115" el="34" ec="115" bec="0" bev="0" fileid="10" />
                <SequencePoint vc="1" uspid="1719" ordinal="0" offset="293" sl="35" sc="13" el="35" ec="13" bec="0" bev="0" fileid="10" />
                <SequencePoint vc="1" uspid="1720" ordinal="0" offset="304" sl="36" sc="13" el="36" ec="13" bec="0" bev="0" fileid="10" />
                <SequencePoint vc="1" uspid="1721" ordinal="0" offset="321" sl="37" sc="9" el="37" ec="9" bec="0" bev="0" fileid="10" />
                <SequencePoint vc="20" uspid="1722" ordinal="0" offset="322" sl="38" sc="5" el="38" ec="5" bec="0" bev="0" fileid="10" />
              </SequencePoints>
              <BranchPoints />
            </Method>
            <Method visited="true" cyclomaticComplexity="0" nPathComplexity="0" sequenceCoverage="100.0" branchCoverage="0" crapScore="0" isConstructor="false" isStatic="false" isGetter="false" isSetter="false">
              <Summary numSequencePoints="16" visitedSequencePoints="16" numBranchPoints="0" visitedBranchPoints="0" sequenceCoverage="100.0" branchCoverage="0" maxCyclomaticComplexity="0" minCyclomaticComplexity="0" maxCrapScore="0" minCrapScore="0" visitedClasses="0" numClasses="0" visitedMethods="1" numMethods="1" />
              <MetadataToken>100663337</MetadataToken>
              <Name>System.Void InputManager::HandleMouseSwipe()</Name>
              <FileRef uid="10" />
              <SequencePoints>
                <SequencePoint vc="20" uspid="1723" ordinal="0" offset="0" sl="46" sc="47" el="46" ec="47" bec="0" bev="0" fileid="10" />
                <SequencePoint vc="20" uspid="1724" ordinal="0" offset="1" sl="47" sc="9" el="47" ec="9" bec="0" bev="0" fileid="10" />
                <SequencePoint vc="18" uspid="1725" ordinal="0" offset="27" sl="47" sc="57" el="47" ec="57" bec="0" bev="0" fileid="10" />
                <SequencePoint vc="2" uspid="1726" ordinal="0" offset="29" sl="49" sc="9" el="49" ec="9" bec="0" bev="0" fileid="10" />
                <SequencePoint vc="1" uspid="1727" ordinal="0" offset="48" sl="49" sc="59" el="49" ec="59" bec="0" bev="0" fileid="10" />
                <SequencePoint vc="1" uspid="1728" ordinal="0" offset="49" sl="50" sc="13" el="50" ec="13" bec="0" bev="0" fileid="10" />
                <SequencePoint vc="1" uspid="1729" ordinal="0" offset="70" sl="51" sc="13" el="51" ec="13" bec="0" bev="0" fileid="10" />
                <SequencePoint vc="1" uspid="1730" ordinal="0" offset="77" sl="52" sc="9" el="52" ec="9" bec="0" bev="0" fileid="10" />
                <SequencePoint vc="2" uspid="1731" ordinal="0" offset="78" sl="53" sc="9" el="53" ec="9" bec="0" bev="0" fileid="10" />
                <SequencePoint vc="1" uspid="1732" ordinal="0" offset="108" sl="53" sc="76" el="53" ec="76" bec="0" bev="0" fileid="10" />
                <SequencePoint vc="1" uspid="1733" ordinal="0" offset="109" sl="54" sc="13" el="54" ec="13" bec="0" bev="0" fileid="10" />
                <SequencePoint vc="1" uspid="1734" ordinal="0" offset="125" sl="55" sc="13" el="55" ec="13" bec="0" bev="0" fileid="10" />
                <SequencePoint vc="1" uspid="1735" ordinal="0" offset="139" sl="56" sc="13" el="56" ec="13" bec="0" bev="0" fileid="10" />
                <SequencePoint vc="1" uspid="1736" ordinal="0" offset="148" sl="57" sc="13" el="57" ec="13" bec="0" bev="0" fileid="10" />
                <SequencePoint vc="1" uspid="1737" ordinal="0" offset="155" sl="58" sc="9" el="58" ec="9" bec="0" bev="0" fileid="10" />
                <SequencePoint vc="20" uspid="1738" ordinal="0" offset="156" sl="59" sc="5" el="59" ec="5" bec="0" bev="0" fileid="10" />
              </SequencePoints>
              <BranchPoints />
            </Method>
            <Method visited="true" cyclomaticComplexity="0" nPathComplexity="0" sequenceCoverage="47.37" branchCoverage="0" crapScore="0" isConstructor="false" isStatic="false" isGetter="false" isSetter="false">
              <Summary numSequencePoints="19" visitedSequencePoints="9" numBranchPoints="0" visitedBranchPoints="0" sequenceCoverage="47.37" branchCoverage="0" maxCyclomaticComplexity="0" minCyclomaticComplexity="0" maxCrapScore="0" minCrapScore="0" visitedClasses="0" numClasses="0" visitedMethods="1" numMethods="1" />
              <MetadataToken>100663338</MetadataToken>
              <Name>System.Void InputManager::HandleTouchSwipe()</Name>
              <FileRef uid="10" />
              <SequencePoints>
                <SequencePoint vc="20" uspid="1739" ordinal="0" offset="0" sl="65" sc="47" el="65" ec="47" bec="0" bev="0" fileid="10" />
                <SequencePoint vc="20" uspid="1740" ordinal="0" offset="1" sl="66" sc="9" el="66" ec="9" bec="0" bev="0" fileid="10" />
                <SequencePoint vc="18" uspid="1741" ordinal="0" offset="27" sl="66" sc="63" el="66" ec="63" bec="0" bev="0" fileid="10" />
                <SequencePoint vc="2" uspid="1742" ordinal="0" offset="32" sl="68" sc="9" el="68" ec="9" bec="0" bev="0" fileid="10" />
                <SequencePoint vc="2" uspid="1743" ordinal="0" offset="47" sl="68" sc="42" el="68" ec="42" bec="0" bev="0" fileid="10" />
                <SequencePoint vc="2" uspid="1744" ordinal="0" offset="48" sl="69" sc="13" el="69" ec="13" bec="0" bev="0" fileid="10" />
                <SequencePoint vc="0" uspid="1745" ordinal="0" offset="72" sl="69" sc="77" el="69" ec="77" bec="0" bev="0" fileid="10" />
                <SequencePoint vc="0" uspid="1746" ordinal="0" offset="73" sl="70" sc="17" el="70" ec="17" bec="0" bev="0" fileid="10" />
                <SequencePoint vc="0" uspid="1747" ordinal="0" offset="99" sl="71" sc="17" el="71" ec="17" bec="0" bev="0" fileid="10" />
                <SequencePoint vc="0" uspid="1748" ordinal="0" offset="106" sl="72" sc="13" el="72" ec="13" bec="0" bev="0" fileid="10" />
                <SequencePoint vc="2" uspid="1749" ordinal="0" offset="107" sl="73" sc="13" el="73" ec="13" bec="0" bev="0" fileid="10" />
                <SequencePoint vc="0" uspid="1750" ordinal="0" offset="142" sl="73" sc="94" el="73" ec="94" bec="0" bev="0" fileid="10" />
                <SequencePoint vc="0" uspid="1751" ordinal="0" offset="143" sl="74" sc="17" el="74" ec="17" bec="0" bev="0" fileid="10" />
                <SequencePoint vc="0" uspid="1752" ordinal="0" offset="165" sl="75" sc="17" el="75" ec="17" bec="0" bev="0" fileid="10" />
                <SequencePoint vc="0" uspid="1753" ordinal="0" offset="180" sl="76" sc="17" el="76" ec="17" bec="0" bev="0" fileid="10" />
                <SequencePoint vc="0" uspid="1754" ordinal="0" offset="189" sl="77" sc="17" el="77" ec="17" bec="0" bev="0" fileid="10" />
                <SequencePoint vc="0" uspid="1755" ordinal="0" offset="196" sl="78" sc="13" el="78" ec="13" bec="0" bev="0" fileid="10" />
                <SequencePoint vc="2" uspid="1756" ordinal="0" offset="197" sl="79" sc="9" el="79" ec="9" bec="0" bev="0" fileid="10" />
                <SequencePoint vc="20" uspid="1757" ordinal="0" offset="198" sl="80" sc="5" el="80" ec="5" bec="0" bev="0" fileid="10" />
              </SequencePoints>
              <BranchPoints />
            </Method>
            <Method visited="true" cyclomaticComplexity="0" nPathComplexity="0" sequenceCoverage="39.29" branchCoverage="0" crapScore="0" isConstructor="false" isStatic="false" isGetter="false" isSetter="false">
              <Summary numSequencePoints="28" visitedSequencePoints="11" numBranchPoints="0" visitedBranchPoints="0" sequenceCoverage="39.29" branchCoverage="0" maxCyclomaticComplexity="0" minCyclomaticComplexity="0" maxCrapScore="0" minCrapScore="0" visitedClasses="0" numClasses="0" visitedMethods="1" numMethods="1" />
              <MetadataToken>100663339</MetadataToken>
              <Name>System.Void InputManager::DetectSwipe(UnityEngine.Vector2)</Name>
              <FileRef uid="10" />
              <SequencePoints>
                <SequencePoint vc="1" uspid="1758" ordinal="0" offset="0" sl="87" sc="49" el="87" ec="49" bec="0" bev="0" fileid="10" />
                <SequencePoint vc="1" uspid="1759" ordinal="0" offset="1" sl="88" sc="9" el="88" ec="9" bec="0" bev="0" fileid="10" />
                <SequencePoint vc="0" uspid="1760" ordinal="0" offset="19" sl="88" sc="40" el="88" ec="40" bec="0" bev="0" fileid="10" />
                <SequencePoint vc="0" uspid="1761" ordinal="0" offset="20" sl="89" sc="13" el="89" ec="13" bec="0" bev="0" fileid="10" />
                <SequencePoint vc="1" uspid="1762" ordinal="0" offset="25" sl="92" sc="9" el="92" ec="9" bec="0" bev="0" fileid="10" />
                <SequencePoint vc="1" uspid="1763" ordinal="0" offset="53" sl="92" sc="64" el="92" ec="64" bec="0" bev="0" fileid="10" />
                <SequencePoint vc="1" uspid="1764" ordinal="0" offset="54" sl="93" sc="13" el="93" ec="13" bec="0" bev="0" fileid="10" />
                <SequencePoint vc="1" uspid="1765" ordinal="0" offset="71" sl="93" sc="35" el="93" ec="35" bec="0" bev="0" fileid="10" />
                <SequencePoint vc="1" uspid="1766" ordinal="0" offset="72" sl="94" sc="17" el="94" ec="17" bec="0" bev="0" fileid="10" />
                <SequencePoint vc="1" uspid="1767" ordinal="0" offset="83" sl="95" sc="17" el="95" ec="17" bec="0" bev="0" fileid="10" />
                <SequencePoint vc="1" uspid="1768" ordinal="0" offset="100" sl="96" sc="13" el="96" ec="13" bec="0" bev="0" fileid="10" />
                <SequencePoint vc="0" uspid="1769" ordinal="0" offset="103" sl="97" sc="18" el="97" ec="18" bec="0" bev="0" fileid="10" />
                <SequencePoint vc="0" uspid="1770" ordinal="0" offset="104" sl="98" sc="17" el="98" ec="17" bec="0" bev="0" fileid="10" />
                <SequencePoint vc="0" uspid="1771" ordinal="0" offset="115" sl="99" sc="17" el="99" ec="17" bec="0" bev="0" fileid="10" />
                <SequencePoint vc="0" uspid="1772" ordinal="0" offset="132" sl="100" sc="13" el="100" ec="13" bec="0" bev="0" fileid="10" />
                <SequencePoint vc="1" uspid="1773" ordinal="0" offset="133" sl="101" sc="9" el="101" ec="9" bec="0" bev="0" fileid="10" />
                <SequencePoint vc="0" uspid="1774" ordinal="0" offset="136" sl="102" sc="14" el="102" ec="14" bec="0" bev="0" fileid="10" />
                <SequencePoint vc="0" uspid="1775" ordinal="0" offset="137" sl="103" sc="13" el="103" ec="13" bec="0" bev="0" fileid="10" />
                <SequencePoint vc="0" uspid="1776" ordinal="0" offset="154" sl="103" sc="35" el="103" ec="35" bec="0" bev="0" fileid="10" />
                <SequencePoint vc="0" uspid="1777" ordinal="0" offset="155" sl="104" sc="17" el="104" ec="17" bec="0" bev="0" fileid="10" />
                <SequencePoint vc="0" uspid="1778" ordinal="0" offset="166" sl="105" sc="17" el="105" ec="17" bec="0" bev="0" fileid="10" />
                <SequencePoint vc="0" uspid="1779" ordinal="0" offset="183" sl="106" sc="13" el="106" ec="13" bec="0" bev="0" fileid="10" />
                <SequencePoint vc="0" uspid="1780" ordinal="0" offset="186" sl="107" sc="18" el="107" ec="18" bec="0" bev="0" fileid="10" />
                <SequencePoint vc="0" uspid="1781" ordinal="0" offset="187" sl="108" sc="17" el="108" ec="17" bec="0" bev="0" fileid="10" />
                <SequencePoint vc="0" uspid="1782" ordinal="0" offset="198" sl="109" sc="17" el="109" ec="17" bec="0" bev="0" fileid="10" />
                <SequencePoint vc="0" uspid="1783" ordinal="0" offset="215" sl="110" sc="13" el="110" ec="13" bec="0" bev="0" fileid="10" />
                <SequencePoint vc="0" uspid="1784" ordinal="0" offset="216" sl="111" sc="9" el="111" ec="9" bec="0" bev="0" fileid="10" />
                <SequencePoint vc="1" uspid="1785" ordinal="0" offset="217" sl="112" sc="5" el="112" ec="5" bec="0" bev="0" fileid="10" />
              </SequencePoints>
              <BranchPoints />
            </Method>
            <Method visited="true" cyclomaticComplexity="0" nPathComplexity="0" sequenceCoverage="100.0" branchCoverage="0" crapScore="0" isConstructor="true" isStatic="false" isGetter="false" isSetter="false">
              <Summary numSequencePoints="1" visitedSequencePoints="1" numBranchPoints="0" visitedBranchPoints="0" sequenceCoverage="100.0" branchCoverage="0" maxCyclomaticComplexity="0" minCyclomaticComplexity="0" maxCrapScore="0" minCrapScore="0" visitedClasses="0" numClasses="0" visitedMethods="1" numMethods="1" />
              <MetadataToken>100663340</MetadataToken>
              <Name>InputManager::InputManager()</Name>
              <FileRef uid="10" />
              <SequencePoints>
                <SequencePoint vc="6" uspid="1786" ordinal="0" offset="0" sl="8" sc="5" el="8" ec="5" bec="0" bev="0" fileid="10" />
              </SequencePoints>
              <BranchPoints />
            </Method>
          </Methods>
        </Class>
      </Classes>
    </Module>
  </Modules>
</CoverageSession>